<?xml version="1.0" encoding="UTF-8"?>
<booklist>
  <book>
    <id>269</id>
    <index>17</index>
    <mainsection>
      <title>Blade Of The Immortal: The Gathering</title>
      <plot>The immortal samurai, Manji, and his charge, Rin have lost their best chance to avenge the death of Rin's parents at the hands of Anotsu Kagehisa's renegade sword school, the deadly Itto-ryu. Manji and Rin's alliance with the mysterious Mugai-ryu assassins has failed, and now for Rin to pursue her parents' killer, she must pass through the Shogun's checkpoints that control the roads out of Edo, a task she must perform without Manji, who is one of the most wanted men in all Japan and she is sure to be detected. When Manji discovers Rin has gone, he faces the impossible choice of storming the checkpoint by force or leaving Rin to face Anotsu and his trained killers alone. And when Rin is falsely named as an accomplice in a savage murder, the stakes are raised ever higher as she faces even greater odds to fulfill her blood oath!</plot>
      <myrating>0</myrating>
      <myrating>
        <displayname>0</displayname>
        <sortname>0</sortname>
      </myrating>
      <pagecount>208</pagecount>
      <credits/>
      <characters/>
      <original>
        <origpublicationdate/>
      </original>
      <authors>
        <author>
          <role id="dfAuthor">Author</role>
          <roleid>dfAuthor</roleid>
          <person>
            <displayname>Hiroaki Samura</displayname>
            <sortname>Samura, Hiroaki</sortname>
            <lastname>Samura</lastname>
            <firstname>Hiroaki</firstname>
          </person>
        </author>
      </authors>
    </mainsection>
    <collectionstatus listid="3">In Collection</collectionstatus>
    <rare boolvalue="0">No</rare>
    <format>
      <displayname>Paperback</displayname>
      <templateimage>C:\Users\jones\Documents\Book Collector\Images\Listitemimages\softcover-15x15.png</templateimage>
      <scaledimage>C:\Users\jones\Documents\Book Collector\Images\Listitemimages\softcover-16x16.jpg</scaledimage>
      <sortname>Paperback</sortname>
    </format>
    <publisher>
      <displayname>Dark Horse</displayname>
      <sortname>Dark Horse</sortname>
    </publisher>
    <language>
      <displayname>English</displayname>
      <templateimage>C:\Users\jones\Documents\Book Collector\Images\Listitemimages\uk.jpg</templateimage>
      <scaledimage>C:\Users\jones\Documents\Book Collector\Images\Listitemimages\uk16.jpg</scaledimage>
      <sortname>English</sortname>
    </language>
    <coverprice>$15.95</coverprice>
    <coverpricefloat>15.95</coverpricefloat>
    <purchasedate/>
    <publicationdate>
      <year>
        <displayname>2001</displayname>
      </year>
      <month>8</month>
      <day>15</day>
      <date>8/15/2001</date>
    </publicationdate>
    <isbn>9781569715468</isbn>
    <genres/>
    <tags/>
    <links/>
    <lastmodified>
      <date>10/5/2014 7:37:43 PM</date>
    </lastmodified>
    <thumbfilepath>C:\Users\jones\Documents\Book Collector\Thumbnails\b3e9666064b03b6fdc7bcc481fdffae8.jpg</thumbfilepath>
    <sections/>
    <clzbookid>1315231</clzbookid>
    <lccn>PN6790.J33 .S2584 2001</lccn>
    <dewey>741.5952</dewey>
    <printing>0</printing>
    <firstedition boolvalue="0">No</firstedition>
    <extras/>
    <subjects>
      <subject>
        <displayname>Feudalism</displayname>
        <sortname>Feudalism</sortname>
      </subject>
      <subject>
        <displayname>Graphic Novels</displayname>
        <sortname>Graphic Novels</sortname>
      </subject>
      <subject>
        <displayname>Japan</displayname>
        <sortname>Japan</sortname>
      </subject>
      <subject>
        <displayname>Japanese Comics</displayname>
        <sortname>Japanese Comics</sortname>
      </subject>
      <subject>
        <displayname>Samurai</displayname>
        <sortname>Samurai</sortname>
      </subject>
    </subjects>
    <height>8.1</height>
    <width>5.7</width>
    <units>inch</units>
    <coverfront>C:\Users\jones\Documents\Book Collector\Images\BladeOfTheImmortalTheGat269_f.jpg</coverfront>
    <readtimes>1</readtimes>
    <readit boolvalue="1">Yes</readit>
    <readingdate/>
    <submissiondate/>
    <quantity>1</quantity>
    <authorfirstletter>
      <displayname>S</displayname>
      <sortname>S</sortname>
    </authorfirstletter>
    <abridged boolvalue="0">No</abridged>
    <audiolengthminutes>0</audiolengthminutes>
    <boxset/>
  </book>
  <book>
    <id>274</id>
    <index>18</index>
    <mainsection>
      <title>Blade Of The Immortal: The Gathering Part 2, Volume 9</title>
      <plot>While the immortal samurai, Manji, has his hands full with a trio of skillful and merciless killers of the renegade Itt&#246;-ry&#252; sword school, Manji's charge, Rin, prepares to make her way through government checkpoints to leave Edo and find Anotsu Kagehisa - lord of the Itt&#246;-ry&#252; and murderer of her parents - and fulfill her quest of vengeance. Unjustly wanted for murder, Rin must try to pass in disguise, but the checkpoint officers are no fools, and she will not pass without a thorough interrogation - and one slip will mean Rin's execution!</plot>
      <myrating>0</myrating>
      <myrating>
        <displayname>0</displayname>
        <sortname>0</sortname>
      </myrating>
      <pagecount>216</pagecount>
      <credits/>
      <characters/>
      <original>
        <origpublicationdate/>
      </original>
      <authors>
        <author>
          <role id="dfAuthor">Author</role>
          <roleid>dfAuthor</roleid>
          <person>
            <displayname>Hiroaki Samura</displayname>
            <sortname>Samura, Hiroaki</sortname>
            <lastname>Samura</lastname>
            <firstname>Hiroaki</firstname>
          </person>
        </author>
      </authors>
    </mainsection>
    <collectionstatus listid="3">In Collection</collectionstatus>
    <rare boolvalue="0">No</rare>
    <format>
      <displayname>Paperback</displayname>
      <templateimage>C:\Users\jones\Documents\Book Collector\Images\Listitemimages\softcover-15x15.png</templateimage>
      <scaledimage>C:\Users\jones\Documents\Book Collector\Images\Listitemimages\softcover-16x16.jpg</scaledimage>
      <sortname>Paperback</sortname>
    </format>
    <publisher>
      <displayname>Dark Horse</displayname>
      <sortname>Dark Horse</sortname>
    </publisher>
    <language>
      <displayname>English</displayname>
      <templateimage>C:\Users\jones\Documents\Book Collector\Images\Listitemimages\uk.jpg</templateimage>
      <scaledimage>C:\Users\jones\Documents\Book Collector\Images\Listitemimages\uk16.jpg</scaledimage>
      <sortname>English</sortname>
    </language>
    <coverprice>$10.50</coverprice>
    <coverpricefloat>10.50</coverpricefloat>
    <purchasedate/>
    <publicationdate>
      <year>
        <displayname>2001</displayname>
      </year>
      <month>12</month>
      <day>14</day>
      <date>12/14/2001</date>
    </publicationdate>
    <isbn>9781569715604</isbn>
    <genres/>
    <tags/>
    <links/>
    <lastmodified>
      <date>10/5/2014 7:37:44 PM</date>
    </lastmodified>
    <thumbfilepath>C:\Users\jones\Documents\Book Collector\Thumbnails\2cf065e4ad9b03d37ade471e857dc2bb.jpg</thumbfilepath>
    <sections/>
    <clzbookid>645164</clzbookid>
    <dewey>741.5952</dewey>
    <printing>0</printing>
    <firstedition boolvalue="0">No</firstedition>
    <extras/>
    <subjects>
      <subject>
        <displayname>Comic Books, Strips, Etc</displayname>
        <sortname>Comic Books, Strips, Etc</sortname>
      </subject>
      <subject>
        <displayname>Comic Books, Strips, Etc - Japan</displayname>
        <sortname>Comic Books, Strips, Etc - Japan</sortname>
      </subject>
      <subject>
        <displayname>Feudalism</displayname>
        <sortname>Feudalism</sortname>
      </subject>
      <subject>
        <displayname>Feudalism - Japan</displayname>
        <sortname>Feudalism - Japan</sortname>
      </subject>
      <subject>
        <displayname>Graphic Novels - Japan</displayname>
        <sortname>Graphic Novels - Japan</sortname>
      </subject>
    </subjects>
    <height>8.1</height>
    <width>5.7</width>
    <units>inch</units>
    <coverfront>C:\Users\jones\Documents\Book Collector\Images\BladeOfTheImmortalTheGat274_f.jpg</coverfront>
    <readtimes>1</readtimes>
    <readit boolvalue="1">Yes</readit>
    <readingdate/>
    <submissiondate/>
    <quantity>1</quantity>
    <authorfirstletter>
      <displayname>S</displayname>
      <sortname>S</sortname>
    </authorfirstletter>
    <abridged boolvalue="0">No</abridged>
    <audiolengthminutes>0</audiolengthminutes>
    <boxset/>
  </book>
  <book>
    <id>172</id>
    <index>2</index>
    <mainsection>
      <title>The Blueprint: A Revolutionary Plan To Plant Missional Communities On Campus</title>
      <titlesort>Blueprint: A Revolutionary Plan To Plant Missional Communities On Campus</titlesort>
      <plot>God is calling forth a generation that is passionate for His presence. What does that look like and how can it be accomplished? Jaeson Ma offers a powerful vision of what God is radically doing in this generation. Students are already being set on fire for God, planting missional communities, praying fervently and stepping out in faith to see God move in power to reach the lost. It is time to see this manifested on every campus, in every city and in every nation. Through his own personal stories, student testimonies and practical biblical teaching, Ma envisions and practically equips student and staff leaders to change themselves and their campuses for Christ. Readers of The Blueprint will receive a clear vision for revival and reformation of society, a specific spiritual DNA (passion for prayer, power evangelism and planting simple churches) and practical tools to see the vision for reformation become a reality. That's the plan. Now to see the revolution unfold!</plot>
      <myrating>0</myrating>
      <myrating>
        <displayname>0</displayname>
        <sortname>0</sortname>
      </myrating>
      <pagecount>271</pagecount>
      <credits/>
      <characters/>
      <original>
        <origpublicationdate/>
      </original>
      <authors>
        <author>
          <role id="dfAuthor">Author</role>
          <roleid>dfAuthor</roleid>
          <person>
            <displayname>Jaeson Ma</displayname>
            <sortname>Ma, Jaeson</sortname>
            <lastname>Ma</lastname>
            <firstname>Jaeson</firstname>
          </person>
        </author>
      </authors>
    </mainsection>
    <collectionstatus listid="3">In Collection</collectionstatus>
    <rare boolvalue="0">No</rare>
    <format>
      <displayname>Paperback</displayname>
      <templateimage>C:\Users\jones\Documents\Book Collector\Images\Listitemimages\softcover-15x15.png</templateimage>
      <scaledimage>C:\Users\jones\Documents\Book Collector\Images\Listitemimages\softcover-16x16.jpg</scaledimage>
      <sortname>Paperback</sortname>
    </format>
    <publisher>
      <displayname>Gospel Light and Regal Books</displayname>
      <sortname>Gospel Light and Regal Books</sortname>
    </publisher>
    <language>
      <displayname>English</displayname>
      <templateimage>C:\Users\jones\Documents\Book Collector\Images\Listitemimages\uk.jpg</templateimage>
      <scaledimage>C:\Users\jones\Documents\Book Collector\Images\Listitemimages\uk16.jpg</scaledimage>
      <sortname>English</sortname>
    </language>
    <coverprice>$14.99</coverprice>
    <coverpricefloat>14.99</coverpricefloat>
    <purchasedate/>
    <publicationdate>
      <year>
        <displayname>2007</displayname>
      </year>
      <month>8</month>
      <day>1</day>
      <date>8/1/2007</date>
    </publicationdate>
    <isbn>9780830744084</isbn>
    <genres/>
    <tags/>
    <links>
      <link>
        <description>Library of Congress</description>
        <url>http://lccn.loc.gov/2007000037</url>
        <urltype>URL</urltype>
      </link>
    </links>
    <lastmodified>
      <date>10/5/2014 7:37:42 PM</date>
    </lastmodified>
    <thumbfilepath>C:\Users\jones\Documents\Book Collector\Thumbnails\067c9f78af3cda771c9b22a9cb04f8e9.jpg</thumbfilepath>
    <sections/>
    <clzbookid>999839</clzbookid>
    <lccn>BV4447 .M225 2007</lccn>
    <dewey>259/.24</dewey>
    <printing>0</printing>
    <firstedition boolvalue="0">No</firstedition>
    <extras/>
    <subjects>
      <subject>
        <displayname>Church Work With Students</displayname>
        <sortname>Church Work With Students</sortname>
      </subject>
      <subject>
        <displayname>College Students - Religious Life</displayname>
        <sortname>College Students - Religious Life</sortname>
      </subject>
      <subject>
        <displayname>College Students/ Religious Life</displayname>
        <sortname>College Students/ Religious Life</sortname>
      </subject>
      <subject>
        <displayname>Missions - Theory</displayname>
        <sortname>Missions - Theory</sortname>
      </subject>
      <subject>
        <displayname>Universities And Colleges/ Religion</displayname>
        <sortname>Universities And Colleges/ Religion</sortname>
      </subject>
    </subjects>
    <height>8.7</height>
    <width>5.6</width>
    <units>inch</units>
    <coverfront>C:\Users\jones\Documents\Book Collector\Images\TheBlueprintARevolutionary172_f.jpg</coverfront>
    <readtimes>1</readtimes>
    <readit boolvalue="1">Yes</readit>
    <readingdate/>
    <submissiondate/>
    <quantity>1</quantity>
    <authorfirstletter>
      <displayname>M</displayname>
      <sortname>M</sortname>
    </authorfirstletter>
    <abridged boolvalue="0">No</abridged>
    <audiolengthminutes>0</audiolengthminutes>
    <boxset/>
  </book>
  <book>
    <id>185</id>
    <index>4</index>
    <mainsection>
      <title>The Brightest Star In The Sky</title>
      <titlesort>Brightest Star In The Sky</titlesort>
      <plot>A wry and life-affirming tale-and the Irish literary star's latest New York Times bestseller. Marian Keyes's inimitable blend of rollicking humor, effervescent prose, and captivating stories that deal with real-life issues have won readers around the globe. Reminiscent of the blockbuster movie Love, Actually, her new novel The Brightest Star in the Sky, features seven neighbors whose lives become entangled when a sassy and prescient spirit descends on 66 Star Street to radically transform at least one person's life in the Dublin town house. With the comic appeal of Nick Hornby's novels and delicious drama akin to Jane Green, The Brightest Star in the Sky will keep readers guessing, laughing, gasping, and in tears until the very last page.</plot>
      <myrating>0</myrating>
      <myrating>
        <displayname>0</displayname>
        <sortname>0</sortname>
      </myrating>
      <pagecount>480</pagecount>
      <credits/>
      <characters/>
      <original>
        <origpublicationdate/>
      </original>
      <authors>
        <author>
          <role id="dfAuthor">Author</role>
          <roleid>dfAuthor</roleid>
          <person>
            <displayname>Marian Keyes</displayname>
            <sortname>Keyes, Marian</sortname>
            <lastname>Keyes</lastname>
            <firstname>Marian</firstname>
          </person>
        </author>
      </authors>
    </mainsection>
    <collectionstatus listid="3">In Collection</collectionstatus>
    <rare boolvalue="0">No</rare>
    <publisher>
      <displayname>Penguin Group USA, Inc</displayname>
      <sortname>Penguin Group USA, Inc</sortname>
    </publisher>
    <language>
      <displayname>English</displayname>
      <templateimage>C:\Users\jones\Documents\Book Collector\Images\Listitemimages\uk.jpg</templateimage>
      <scaledimage>C:\Users\jones\Documents\Book Collector\Images\Listitemimages\uk16.jpg</scaledimage>
      <sortname>English</sortname>
    </language>
    <purchasedate/>
    <publicationdate>
      <year>
        <displayname>2011</displayname>
      </year>
      <month>7</month>
      <day>26</day>
      <date>7/26/2011</date>
    </publicationdate>
    <isbn>9780143118497</isbn>
    <genres/>
    <tags/>
    <links/>
    <lastmodified>
      <date>10/5/2014 7:37:42 PM</date>
    </lastmodified>
    <thumbfilepath>C:\Users\jones\Documents\Book Collector\Thumbnails\37b6414c29451dd0973d04e411cc7664.jpg</thumbfilepath>
    <sections/>
    <clzbookid>12777985</clzbookid>
    <printing>0</printing>
    <firstedition boolvalue="0">No</firstedition>
    <extras/>
    <subjects>
      <subject>
        <displayname>Apartment Houses</displayname>
        <sortname>Apartment Houses</sortname>
      </subject>
      <subject>
        <displayname>Apartment Houses/ Fiction</displayname>
        <sortname>Apartment Houses/ Fiction</sortname>
      </subject>
      <subject>
        <displayname>Chick Lit</displayname>
        <sortname>Chick Lit</sortname>
      </subject>
      <subject>
        <displayname>Dublin (Ireland)</displayname>
        <sortname>Dublin (Ireland)</sortname>
      </subject>
      <subject>
        <displayname>Fiction / General</displayname>
        <sortname>Fiction / General</sortname>
      </subject>
    </subjects>
    <height>8.1</height>
    <width>5.5</width>
    <units>inch</units>
    <coverfront>C:\Users\jones\Documents\Book Collector\Images\TheBrightestStarInTheSky185_f.jpg</coverfront>
    <readtimes>1</readtimes>
    <readit boolvalue="1">Yes</readit>
    <readingdate/>
    <submissiondate/>
    <quantity>1</quantity>
    <authorfirstletter>
      <displayname>K</displayname>
      <sortname>K</sortname>
    </authorfirstletter>
    <abridged boolvalue="0">No</abridged>
    <audiolengthminutes>0</audiolengthminutes>
    <boxset/>
  </book>
  <book>
    <id>251</id>
    <index>14</index>
    <mainsection>
      <title>Clapton: The Autobiography</title>
      <subtitle>the autobiography</subtitle>
      <plot>&#8220;I found a pattern in my behavior that had been repeating itself for years, decades even. Bad choices were my specialty, and if something honest and decent came along, I would shun it or run the other way.&#8221;With striking intimacy and candor, Eric Clapton tells the story of his eventful and inspiring life in this poignant and honest autobiography. More than a rock star, he is an icon, a living embodiment of the history of rock music. Well known for his reserve in a profession marked by self-promotion, flamboyance, and spin, he now chronicles, for the first time, his remarkable personal and professional journeys. Born illegitimate in 1945 and raised by his grandparents, Eric never knew his father and, until the age of nine, believed his actual mother to be his sister. In his early teens his solace was the guitar, and his incredible talent would make him a cult hero in the clubs of Britain and inspire devoted fans to scrawl &#8220;Clapton is God&#8221; on the walls of London&#8217;s Underground. With the formation of Cream, the world's first supergroup, he became a worldwide superstar, but conflicting personalities tore the band apart within two years. His stints in Blind Faith, in Delaney and Bonnie and Friends, and in Derek and the Dominos were also short-lived but yielded some of the most enduring songs in history, including the classic &#8220;Layla.&#8221; During the late sixties he played as a guest with Jimi Hendrix and Bob Dylan, as well as the Beatles, the Rolling Stones, and longtime friend George Harrison. It was while working with the latter that he fell for George&#8217;s wife, Pattie Boyd, a seemingly unrequited love that led him to the depths of despair, self-imposed seclusion, and drug addiction. By the early seventies he had overcome his addiction and released the bestselling album 461 Ocean Boulevard, with its massive hit &#8220;I Shot the Sheriff.&#8221; He followed that with the platinum album Slowhand, which included &#8220;Wonderful Tonight,&#8221; the touching love song to Pattie, whom he finally married at the end of 1979. A short time later, however, Eric had replaced heroin with alcohol as his preferred vice, following a pattern of behavior that not only was detrimental to his music but contributed to the eventual breakup of his marriage. In the eighties he would battle and begin his recovery from alcoholism and become a father. But just as his life was coming together, he was struck by a terrible blow: His beloved four-year-old son, Conor, died in a freak accident. At an earlier time Eric might have coped with this tragedy by fleeing into a world of addiction. But now a much stronger man, he took refuge in music, responding with the achingly beautiful &#8220;Tears in Heaven.&#8221;Clapton is the powerfully written story of a survivor, a man who has achieved the pinnacle of success despite extraordinary demons. It is one of the most compelling memoirs of our time.</plot>
      <myrating>0</myrating>
      <myrating>
        <displayname>0</displayname>
        <sortname>0</sortname>
      </myrating>
      <pagecount>352</pagecount>
      <credits/>
      <characters/>
      <original>
        <origpublicationdate/>
      </original>
      <authors>
        <author>
          <role id="dfAuthor">Author</role>
          <roleid>dfAuthor</roleid>
          <person>
            <displayname>Eric Clapton</displayname>
            <sortname>Clapton, Eric</sortname>
            <lastname>Clapton</lastname>
            <firstname>Eric</firstname>
          </person>
        </author>
      </authors>
    </mainsection>
    <collectionstatus listid="3">In Collection</collectionstatus>
    <rare boolvalue="0">No</rare>
    <format>
      <displayname>Hardcover</displayname>
      <templateimage>C:\Users\jones\Documents\Book Collector\Images\Listitemimages\hardcover-15x15.png</templateimage>
      <scaledimage>C:\Users\jones\Documents\Book Collector\Images\Listitemimages\hardcover-16x16.jpg</scaledimage>
      <sortname>Hardcover</sortname>
    </format>
    <publisher>
      <displayname>Broadway</displayname>
      <sortname>Broadway</sortname>
    </publisher>
    <language>
      <displayname>English</displayname>
      <templateimage>C:\Users\jones\Documents\Book Collector\Images\Listitemimages\uk.jpg</templateimage>
      <scaledimage>C:\Users\jones\Documents\Book Collector\Images\Listitemimages\uk16.jpg</scaledimage>
      <sortname>English</sortname>
    </language>
    <coverprice>$26.00</coverprice>
    <coverpricefloat>26.00</coverpricefloat>
    <purchasedate/>
    <publicationdate>
      <year>
        <displayname>2007</displayname>
      </year>
      <month>10</month>
      <day>9</day>
      <date>10/9/2007</date>
    </publicationdate>
    <isbn>9780385518512</isbn>
    <genres/>
    <tags/>
    <links>
      <link>
        <description>Library of Congress</description>
        <url>http://lccn.loc.gov/2007015482</url>
        <urltype>URL</urltype>
      </link>
    </links>
    <lastmodified>
      <date>10/5/2014 7:37:43 PM</date>
    </lastmodified>
    <thumbfilepath>C:\Users\jones\Documents\Book Collector\Thumbnails\458d4fc9ae4bb873cd50658e289f59f0.jpg</thumbfilepath>
    <sections/>
    <clzbookid>28554</clzbookid>
    <lccn>ML419.C58 .A3 2007</lccn>
    <dewey>787.87166092</dewey>
    <printing>0</printing>
    <firstedition boolvalue="0">No</firstedition>
    <extras/>
    <subjects>
      <subject>
        <displayname>Biography &amp; Autobiography / Composers &amp; Musicians</displayname>
        <sortname>Biography &amp; Autobiography / Composers &amp; Musicians</sortname>
      </subject>
      <subject>
        <displayname>Clapton, Eric</displayname>
        <sortname>Clapton, Eric</sortname>
      </subject>
      <subject>
        <displayname>Rock Musicians</displayname>
        <sortname>Rock Musicians</sortname>
      </subject>
      <subject>
        <displayname>Rock Musicians - England</displayname>
        <sortname>Rock Musicians - England</sortname>
      </subject>
      <subject>
        <displayname>Rock Musicians/ England/ Biography</displayname>
        <sortname>Rock Musicians/ England/ Biography</sortname>
      </subject>
    </subjects>
    <height>9.4</height>
    <width>6.5</width>
    <units>inch</units>
    <coverfront>C:\Users\jones\Documents\Book Collector\Images\ClaptonTheAutobiographyE251_f.jpg</coverfront>
    <readtimes>1</readtimes>
    <readit boolvalue="1">Yes</readit>
    <readingdate/>
    <submissiondate/>
    <quantity>1</quantity>
    <authorfirstletter>
      <displayname>C</displayname>
      <sortname>C</sortname>
    </authorfirstletter>
    <abridged boolvalue="0">No</abridged>
    <audiolengthminutes>0</audiolengthminutes>
    <boxset/>
  </book>
  <book>
    <id>236</id>
    <index>12</index>
    <mainsection>
      <title>Dave Says...Well Done!: The Common Guy's Guide To Everyday Success</title>
      <plot>Dave Thomas, the enormously popular Wendy's Old-Fashioned Hamburgers founder and TV commercial celebrity, shows how to empower one's life by applying the same simple, Bible-based principles that turned Wendy's into a successful world-wide business.</plot>
      <myrating>0</myrating>
      <myrating>
        <displayname>0</displayname>
        <sortname>0</sortname>
      </myrating>
      <pagecount>224</pagecount>
      <credits/>
      <characters/>
      <original>
        <origpublicationdate/>
      </original>
      <authors>
        <author>
          <role id="dfAuthor">Author</role>
          <roleid>dfAuthor</roleid>
          <person>
            <displayname>R. David Thomas</displayname>
            <sortname>David Thomas, R.</sortname>
            <lastname>David Thomas</lastname>
            <firstname>R.</firstname>
          </person>
        </author>
        <author>
          <role id="dfAuthor">Author</role>
          <roleid>dfAuthor</roleid>
          <person>
            <displayname>Ron Beyma</displayname>
            <sortname>Beyma, Ron</sortname>
            <lastname>Beyma</lastname>
            <firstname>Ron</firstname>
          </person>
        </author>
      </authors>
    </mainsection>
    <collectionstatus listid="3">In Collection</collectionstatus>
    <rare boolvalue="0">No</rare>
    <format>
      <displayname>Hardcover</displayname>
      <templateimage>C:\Users\jones\Documents\Book Collector\Images\Listitemimages\hardcover-15x15.png</templateimage>
      <scaledimage>C:\Users\jones\Documents\Book Collector\Images\Listitemimages\hardcover-16x16.jpg</scaledimage>
      <sortname>Hardcover</sortname>
    </format>
    <publisher>
      <displayname>Zondervan</displayname>
      <sortname>Zondervan</sortname>
    </publisher>
    <language>
      <displayname>English</displayname>
      <templateimage>C:\Users\jones\Documents\Book Collector\Images\Listitemimages\uk.jpg</templateimage>
      <scaledimage>C:\Users\jones\Documents\Book Collector\Images\Listitemimages\uk16.jpg</scaledimage>
      <sortname>English</sortname>
    </language>
    <coverprice>$18.99</coverprice>
    <coverpricefloat>18.99</coverpricefloat>
    <purchasedate/>
    <publicationdate>
      <year>
        <displayname>1994</displayname>
      </year>
      <month>9</month>
      <day>15</day>
      <date>9/15/1994</date>
    </publicationdate>
    <isbn>9780310480006</isbn>
    <genres/>
    <tags/>
    <links>
      <link>
        <description>Library of Congress</description>
        <url>http://lccn.loc.gov/94021184</url>
        <urltype>URL</urltype>
      </link>
    </links>
    <lastmodified>
      <date>10/5/2014 7:37:43 PM</date>
    </lastmodified>
    <thumbfilepath>C:\Users\jones\Documents\Book Collector\Thumbnails\4ede9310044cba67cd388eb67588f16b.jpg</thumbfilepath>
    <sections/>
    <clzbookid>1299073</clzbookid>
    <lccn>BJ1611.2 .T47 1994</lccn>
    <dewey>170.44</dewey>
    <printing>0</printing>
    <firstedition boolvalue="0">No</firstedition>
    <extras/>
    <subjects>
      <subject>
        <displayname>Success</displayname>
        <sortname>Success</sortname>
      </subject>
      <subject>
        <displayname>Success In Business</displayname>
        <sortname>Success In Business</sortname>
      </subject>
      <subject>
        <displayname>Thomas, R. David</displayname>
        <sortname>Thomas, R. David</sortname>
      </subject>
    </subjects>
    <height>9.5</height>
    <width>6.5</width>
    <units>inch</units>
    <coverfront>C:\Users\jones\Documents\Book Collector\Images\DaveSaysWellDoneTheCo236_f.jpg</coverfront>
    <coverback>C:\Users\jones\Documents\Book Collector\Images\DaveSaysWellDoneTheCo236_b.jpg</coverback>
    <readtimes>1</readtimes>
    <readit boolvalue="1">Yes</readit>
    <readingdate/>
    <submissiondate/>
    <quantity>1</quantity>
    <authorfirstletter>
      <displayname>D</displayname>
      <sortname>D</sortname>
    </authorfirstletter>
    <abridged boolvalue="0">No</abridged>
    <audiolengthminutes>0</audiolengthminutes>
    <boxset/>
  </book>
  <book>
    <id>212</id>
    <index>8</index>
    <mainsection>
      <title>The End Of Homework</title>
      <titlesort>End Of Homework</titlesort>
      <plot>Etta Kralovec and John Buell are educators who dared to challenge one of the most widely accepted practices in American schools. Their provocative argument first published in this book, featured inTimeandNewsweek,in numerous women's magazines, on national radio and network television broadcasts, was the first openly to challenge the gospel of "the more homework the better." Consider: * In 1901, homework was legally banned in parts of the U.S. There are no studies showing that assigning homework before junior high school improves academic achievement. * Increasingly, students and their parents are told that homework must take precedence over music lessons, religious education, and family and community activities. As the homework load increases (and studies show it is increasing) these family priorities are neglected. * Homework is a great discriminator, effectively allowing students whose families "have" to surge ahead of their classmates who may have less. * Backpacks are literally bone-crushing, sometimes weighing as much as the child. Isn't it obvious we're overburdening our kids?</plot>
      <myrating>0</myrating>
      <myrating>
        <displayname>0</displayname>
        <sortname>0</sortname>
      </myrating>
      <pagecount>140</pagecount>
      <credits/>
      <characters/>
      <original>
        <origpublicationdate/>
      </original>
      <authors>
        <author>
          <role id="dfAuthor">Author</role>
          <roleid>dfAuthor</roleid>
          <person>
            <displayname>Etta Kralovec</displayname>
            <sortname>Kralovec, Etta</sortname>
            <lastname>Kralovec</lastname>
            <firstname>Etta</firstname>
          </person>
        </author>
        <author>
          <role id="dfAuthor">Author</role>
          <roleid>dfAuthor</roleid>
          <person>
            <displayname>John Buell</displayname>
            <sortname>Buell, John</sortname>
            <lastname>Buell</lastname>
            <firstname>John</firstname>
          </person>
        </author>
      </authors>
    </mainsection>
    <collectionstatus listid="3">In Collection</collectionstatus>
    <rare boolvalue="0">No</rare>
    <publisher>
      <displayname>Beacon Press</displayname>
      <sortname>Beacon Press</sortname>
    </publisher>
    <language>
      <displayname>English</displayname>
      <templateimage>C:\Users\jones\Documents\Book Collector\Images\Listitemimages\uk.jpg</templateimage>
      <scaledimage>C:\Users\jones\Documents\Book Collector\Images\Listitemimages\uk16.jpg</scaledimage>
      <sortname>English</sortname>
    </language>
    <purchasedate/>
    <publicationdate>
      <year>
        <displayname>2001</displayname>
      </year>
      <month>8</month>
      <day>1</day>
      <date>8/1/2001</date>
    </publicationdate>
    <isbn>9780807042199</isbn>
    <genres/>
    <tags/>
    <links/>
    <lastmodified>
      <date>10/5/2014 7:37:43 PM</date>
    </lastmodified>
    <thumbfilepath>C:\Users\jones\Documents\Book Collector\Thumbnails\8b4c86e43c6ee4861d8bca5f00c8fd18.jpg</thumbfilepath>
    <sections/>
    <clzbookid>9474317</clzbookid>
    <printing>0</printing>
    <firstedition boolvalue="0">No</firstedition>
    <extras/>
    <subjects>
      <subject>
        <displayname>Education / Educational Policy &amp; Reform / General</displayname>
        <sortname>Education / Educational Policy &amp; Reform / General</sortname>
      </subject>
      <subject>
        <displayname>Education / General</displayname>
        <sortname>Education / General</sortname>
      </subject>
      <subject>
        <displayname>Education / Parent Participation</displayname>
        <sortname>Education / Parent Participation</sortname>
      </subject>
    </subjects>
    <height>8.5</height>
    <width>5.5</width>
    <units>inch</units>
    <coverfront>C:\Users\jones\Documents\Book Collector\Images\TheEndOfHomeworkEttaKra212_f.jpg</coverfront>
    <readtimes>1</readtimes>
    <readit boolvalue="1">Yes</readit>
    <readingdate/>
    <submissiondate/>
    <quantity>1</quantity>
    <authorfirstletter>
      <displayname>K</displayname>
      <sortname>K</sortname>
    </authorfirstletter>
    <abridged boolvalue="0">No</abridged>
    <audiolengthminutes>0</audiolengthminutes>
    <boxset/>
  </book>
  <book>
    <id>230</id>
    <index>11</index>
    <mainsection>
      <title>Frommer's French Phrasebook And Culture Guide</title>
      <myrating>0</myrating>
      <myrating>
        <displayname>0</displayname>
        <sortname>0</sortname>
      </myrating>
      <pagecount>320</pagecount>
      <credits/>
      <characters/>
      <original>
        <origpublicationdate/>
      </original>
      <authors>
        <author>
          <role id="dfAuthor">Author</role>
          <roleid>dfAuthor</roleid>
          <person>
            <displayname>David Applefield</displayname>
            <sortname>Applefield, David</sortname>
            <lastname>Applefield</lastname>
            <firstname>David</firstname>
          </person>
        </author>
      </authors>
    </mainsection>
    <collectionstatus listid="3">In Collection</collectionstatus>
    <rare boolvalue="0">No</rare>
    <format>
      <displayname>Paperback</displayname>
      <templateimage>C:\Users\jones\Documents\Book Collector\Images\Listitemimages\softcover-15x15.png</templateimage>
      <scaledimage>C:\Users\jones\Documents\Book Collector\Images\Listitemimages\softcover-16x16.jpg</scaledimage>
      <sortname>Paperback</sortname>
    </format>
    <publisher>
      <displayname>Wiley, John &amp; Sons,</displayname>
      <sortname>Wiley, John &amp; Sons,</sortname>
    </publisher>
    <purchasedate/>
    <publicationdate>
      <year>
        <displayname>2006</displayname>
      </year>
      <date>2006</date>
    </publicationdate>
    <isbn>9780471792994</isbn>
    <genres/>
    <tags/>
    <links/>
    <lastmodified>
      <date>10/5/2014 7:37:43 PM</date>
    </lastmodified>
    <thumbfilepath>C:\Users\jones\Documents\Book Collector\Thumbnails\ba21f5cecfdb51851932dcffacf4e91d.jpg</thumbfilepath>
    <sections/>
    <clzbookid>7897375</clzbookid>
    <printing>0</printing>
    <firstedition boolvalue="0">No</firstedition>
    <extras/>
    <subjects>
      <subject>
        <displayname>English Language</displayname>
        <sortname>English Language</sortname>
      </subject>
      <subject>
        <displayname>Foreign Language Study / French</displayname>
        <sortname>Foreign Language Study / French</sortname>
      </subject>
      <subject>
        <displayname>French Language</displayname>
        <sortname>French Language</sortname>
      </subject>
      <subject>
        <displayname>Social Science / Customs &amp; Traditions</displayname>
        <sortname>Social Science / Customs &amp; Traditions</sortname>
      </subject>
    </subjects>
    <height>0</height>
    <width>0</width>
    <units>inch</units>
    <coverfront>C:\Users\jones\Documents\Book Collector\Images\FrommersFrenchPhrasebookAn230_f.jpg</coverfront>
    <readtimes>1</readtimes>
    <readit boolvalue="1">Yes</readit>
    <readingdate/>
    <submissiondate/>
    <quantity>1</quantity>
    <authorfirstletter>
      <displayname>A</displayname>
      <sortname>A</sortname>
    </authorfirstletter>
    <abridged boolvalue="0">No</abridged>
    <audiolengthminutes>0</audiolengthminutes>
    <boxset/>
  </book>
  <book>
    <id>325</id>
    <index>24</index>
    <mainsection>
      <title>The Girl Who Loved Tom Gordon: A Pop-Up Book</title>
      <titlesort>Girl Who Loved Tom Gordon: A Pop-Up Book</titlesort>
      <subtitle>A Pop-up Book</subtitle>
      <plot>Stephen King's award-winning, best-selling novel The Girl Who Loved Tom Gordon is stunningly told in this, the first pop-up book by the master of suspense. It is a fairy tale grimmer than Grimm, retold with intricate pop-ups and a breathtaking text. This is the ultimate must-have edition for Stephen King fans of all ages. Regular pop-up package includes: Pop-up with 3- piece case, acetate, maylar, foil stamping, pull-tabs: shrink-wrapped with a slip sheet 16 pages.</plot>
      <myrating>0</myrating>
      <myrating>
        <displayname>0</displayname>
        <sortname>0</sortname>
      </myrating>
      <pagecount>16</pagecount>
      <credits/>
      <characters/>
      <original>
        <origpublicationdate/>
      </original>
      <authors>
        <author>
          <role id="dfAuthor">Author</role>
          <roleid>dfAuthor</roleid>
          <person>
            <displayname>Stephen King</displayname>
            <sortname>King, Stephen</sortname>
            <lastname>King</lastname>
            <firstname>Stephen</firstname>
          </person>
        </author>
        <author>
          <role id="dfAuthor">Author</role>
          <roleid>dfAuthor</roleid>
          <person>
            <displayname>Kees Moerbeek</displayname>
            <sortname>Moerbeek, Kees</sortname>
            <lastname>Moerbeek</lastname>
            <firstname>Kees</firstname>
          </person>
        </author>
      </authors>
    </mainsection>
    <collectionstatus listid="3">In Collection</collectionstatus>
    <rare boolvalue="0">No</rare>
    <publisher>
      <displayname>Little Simon</displayname>
      <sortname>Little Simon</sortname>
    </publisher>
    <language>
      <displayname>English</displayname>
      <templateimage>C:\Users\jones\Documents\Book Collector\Images\Listitemimages\uk.jpg</templateimage>
      <scaledimage>C:\Users\jones\Documents\Book Collector\Images\Listitemimages\uk16.jpg</scaledimage>
      <sortname>English</sortname>
    </language>
    <coverprice>$24.95</coverprice>
    <coverpricefloat>24.95</coverpricefloat>
    <purchasedate/>
    <publicationdate>
      <year>
        <displayname>2004</displayname>
      </year>
      <month>10</month>
      <day>12</day>
      <date>10/12/2004</date>
    </publicationdate>
    <isbn>9780689862724</isbn>
    <genres>
      <genre>
        <displayname>Adventure Stories</displayname>
        <sortname>Adventure Stories</sortname>
      </genre>
      <genre>
        <displayname>Children&amp;apos</displayname>
        <sortname>Children&amp;apos</sortname>
      </genre>
      <genre>
        <displayname>Horror Fiction</displayname>
        <sortname>Horror Fiction</sortname>
      </genre>
      <genre>
        <displayname>Psychological Fiction</displayname>
        <sortname>Psychological Fiction</sortname>
      </genre>
      <genre>
        <displayname>S Stories</displayname>
        <sortname>S Stories</sortname>
      </genre>
      <genre>
        <displayname>Toy And Movable Books</displayname>
        <sortname>Toy And Movable Books</sortname>
      </genre>
    </genres>
    <tags/>
    <links>
      <link>
        <description>Library of Congress</description>
        <url>http://lccn.loc.gov/2006283463</url>
        <urltype>URL</urltype>
      </link>
    </links>
    <lastmodified>
      <date>10/5/2014 7:37:44 PM</date>
    </lastmodified>
    <thumbfilepath>C:\Users\jones\Documents\Book Collector\Thumbnails\2c0532903dc2573775fc205f44cfecf2.jpg</thumbfilepath>
    <sections/>
    <clzbookid>46058</clzbookid>
    <lccn>PZ7.K58914 .Gir 2004</lccn>
    <dewey>813.54</dewey>
    <printing>0</printing>
    <firstedition boolvalue="0">No</firstedition>
    <extras/>
    <subjects>
      <subject>
        <displayname>Children Of Divorced Parents</displayname>
        <sortname>Children Of Divorced Parents</sortname>
      </subject>
      <subject>
        <displayname>Divorce/ Fiction</displayname>
        <sortname>Divorce/ Fiction</sortname>
      </subject>
      <subject>
        <displayname>Horror Tales</displayname>
        <sortname>Horror Tales</sortname>
      </subject>
      <subject>
        <displayname>Toy And Movable Book/ Specimens</displayname>
        <sortname>Toy And Movable Book/ Specimens</sortname>
      </subject>
      <subject>
        <displayname>Wilderness Survival/ Fiction</displayname>
        <sortname>Wilderness Survival/ Fiction</sortname>
      </subject>
    </subjects>
    <height>10.6</height>
    <width>8.7</width>
    <units>inch</units>
    <coverfront>C:\Users\jones\Documents\Book Collector\Images\TheGirlWhoLovedTomGordon325_f.jpg</coverfront>
    <readtimes>1</readtimes>
    <readit boolvalue="1">Yes</readit>
    <readingdate/>
    <submissiondate/>
    <quantity>1</quantity>
    <authorfirstletter>
      <displayname>K</displayname>
      <sortname>K</sortname>
    </authorfirstletter>
    <abridged boolvalue="0">No</abridged>
    <audiolengthminutes>0</audiolengthminutes>
    <boxset/>
  </book>
  <book>
    <id>243</id>
    <index>13</index>
    <mainsection>
      <title>High Wire: The Precarious Financial Lives Of American Families</title>
      <plot>The U.S. economy is wrapping up twenty-five years of some of the strongest, smoothest growth in its history-a performance so sweet economists have given it a name: &#8220;the Great Moderation.&#8221; So why have so many of us, even those making hundreds of thousands of dollars, arrived at the new century with a gnawing sense that events are moving against our families and ourselves? The easy answer is that we&#8217;re suffering a case of needless anxiety. But the easy answer is wrong. Drawing on interviews with hundreds of Americans and new statistics he developed, Peter Gosselin traces a quarter-century shift of economic risk from the broad shoulders of business and government to the backs of working people. It is a shift that has shaken the pillars of most families&#8217; lives-stable jobs, solid benefits, government protections. The change doesn&#8217;t mean one can&#8217;t prosper. But it does mean the benefits of growth come at greater peril and your financial fall will be steeper if you stumble. This threat to working Americans&#8217; security-and what to do about it-is a pressing concern to economists, policy-makers, and everyone who works for a living.</plot>
      <myrating>0</myrating>
      <myrating>
        <displayname>0</displayname>
        <sortname>0</sortname>
      </myrating>
      <pagecount>384</pagecount>
      <credits/>
      <characters/>
      <original>
        <origpublicationdate/>
      </original>
      <authors>
        <author>
          <role id="dfAuthor">Author</role>
          <roleid>dfAuthor</roleid>
          <person>
            <displayname>Peter Gosselin</displayname>
            <sortname>Gosselin, Peter</sortname>
            <lastname>Gosselin</lastname>
            <firstname>Peter</firstname>
          </person>
        </author>
      </authors>
    </mainsection>
    <collectionstatus listid="3">In Collection</collectionstatus>
    <rare boolvalue="0">No</rare>
    <format>
      <displayname>Hardcover</displayname>
      <templateimage>C:\Users\jones\Documents\Book Collector\Images\Listitemimages\hardcover-15x15.png</templateimage>
      <scaledimage>C:\Users\jones\Documents\Book Collector\Images\Listitemimages\hardcover-16x16.jpg</scaledimage>
      <sortname>Hardcover</sortname>
    </format>
    <publisher>
      <displayname>Basic Books</displayname>
      <sortname>Basic Books</sortname>
    </publisher>
    <language>
      <displayname>English</displayname>
      <templateimage>C:\Users\jones\Documents\Book Collector\Images\Listitemimages\uk.jpg</templateimage>
      <scaledimage>C:\Users\jones\Documents\Book Collector\Images\Listitemimages\uk16.jpg</scaledimage>
      <sortname>English</sortname>
    </language>
    <coverprice>$26.95</coverprice>
    <coverpricefloat>26.95</coverpricefloat>
    <purchasedate/>
    <publicationdate>
      <year>
        <displayname>2008</displayname>
      </year>
      <month>6</month>
      <day>2</day>
      <date>6/2/2008</date>
    </publicationdate>
    <isbn>9780465002252</isbn>
    <genres/>
    <tags/>
    <links>
      <link>
        <description>Library of Congress</description>
        <url>http://lccn.loc.gov/2008003962</url>
        <urltype>URL</urltype>
      </link>
    </links>
    <lastmodified>
      <date>10/5/2014 7:37:43 PM</date>
    </lastmodified>
    <thumbfilepath>C:\Users\jones\Documents\Book Collector\Thumbnails\8ecc622e3642073354ee0c95d08d8f5e.jpg</thumbfilepath>
    <sections/>
    <clzbookid>1523278</clzbookid>
    <lccn>HC106.83 .G67 2008</lccn>
    <dewey>330.973</dewey>
    <printing>0</printing>
    <firstedition boolvalue="0">No</firstedition>
    <extras/>
    <subjects>
      <subject>
        <displayname>Economic Security</displayname>
        <sortname>Economic Security</sortname>
      </subject>
      <subject>
        <displayname>Economic Security/ United States</displayname>
        <sortname>Economic Security/ United States</sortname>
      </subject>
      <subject>
        <displayname>Families/ Economic Aspects/ United States</displayname>
        <sortname>Families/ Economic Aspects/ United States</sortname>
      </subject>
      <subject>
        <displayname>Households</displayname>
        <sortname>Households</sortname>
      </subject>
      <subject>
        <displayname>Households/ Economic Aspects/ United States</displayname>
        <sortname>Households/ Economic Aspects/ United States</sortname>
      </subject>
    </subjects>
    <height>9.8</height>
    <width>6.4</width>
    <units>inch</units>
    <coverfront>C:\Users\jones\Documents\Book Collector\Images\HighWireThePrecariousFina243_f.jpg</coverfront>
    <readtimes>1</readtimes>
    <readit boolvalue="1">Yes</readit>
    <readingdate/>
    <submissiondate/>
    <quantity>1</quantity>
    <authorfirstletter>
      <displayname>G</displayname>
      <sortname>G</sortname>
    </authorfirstletter>
    <abridged boolvalue="0">No</abridged>
    <audiolengthminutes>0</audiolengthminutes>
    <boxset/>
  </book>
  <book>
    <id>163</id>
    <index>1</index>
    <mainsection>
      <title>The Hobbit</title>
      <titlesort>Hobbit</titlesort>
      <plot>Bilbo Baggins, a respectable well-to-do hobbit, lives comfortably in his hobbit-hole until the day the wandering wizard Gandalf chooses him to share in an adventure from which he may never return.</plot>
      <myrating>0</myrating>
      <myrating>
        <displayname>0</displayname>
        <sortname>0</sortname>
      </myrating>
      <pagecount>304</pagecount>
      <credits/>
      <characters/>
      <original>
        <origpublicationdate/>
      </original>
      <authors>
        <author>
          <role id="dfAuthor">Author</role>
          <roleid>dfAuthor</roleid>
          <person>
            <displayname>J.R.R. Tolkien</displayname>
            <sortname>Tolkien, J.R.R.</sortname>
            <lastname>Tolkien</lastname>
            <firstname>J.R.R.</firstname>
          </person>
        </author>
      </authors>
    </mainsection>
    <collectionstatus listid="3">In Collection</collectionstatus>
    <rare boolvalue="0">No</rare>
    <format>
      <displayname>Paperback</displayname>
      <templateimage>C:\Users\jones\Documents\Book Collector\Images\Listitemimages\softcover-15x15.png</templateimage>
      <scaledimage>C:\Users\jones\Documents\Book Collector\Images\Listitemimages\softcover-16x16.jpg</scaledimage>
      <sortname>Paperback</sortname>
    </format>
    <publisher>
      <displayname>Houghton Mifflin</displayname>
      <sortname>Houghton Mifflin</sortname>
    </publisher>
    <language>
      <displayname>English</displayname>
      <templateimage>C:\Users\jones\Documents\Book Collector\Images\Listitemimages\uk.jpg</templateimage>
      <scaledimage>C:\Users\jones\Documents\Book Collector\Images\Listitemimages\uk16.jpg</scaledimage>
      <sortname>English</sortname>
    </language>
    <coverprice>$17.95</coverprice>
    <coverpricefloat>17.95</coverpricefloat>
    <purchasedate/>
    <publicationdate>
      <year>
        <displayname>1989</displayname>
      </year>
      <month>10</month>
      <day>30</day>
      <date>10/30/1989</date>
    </publicationdate>
    <isbn>9780395520215</isbn>
    <genres/>
    <tags/>
    <links/>
    <lastmodified>
      <date>10/5/2014 7:37:42 PM</date>
    </lastmodified>
    <thumbfilepath>C:\Users\jones\Documents\Book Collector\Thumbnails\5e2c365cfc0d63be05d6602db72f97c2.jpg</thumbfilepath>
    <sections/>
    <clzbookid>538342</clzbookid>
    <printing>0</printing>
    <firstedition boolvalue="0">No</firstedition>
    <extras/>
    <subjects>
      <subject>
        <displayname>Baggins, Bilbo (Fictitious Character)</displayname>
        <sortname>Baggins, Bilbo (Fictitious Character)</sortname>
      </subject>
      <subject>
        <displayname>Fantasy</displayname>
        <sortname>Fantasy</sortname>
      </subject>
      <subject>
        <displayname>Fantasy Fiction</displayname>
        <sortname>Fantasy Fiction</sortname>
      </subject>
      <subject>
        <displayname>Middle Earth (Imaginary Place)</displayname>
        <sortname>Middle Earth (Imaginary Place)</sortname>
      </subject>
    </subjects>
    <height>9.8</height>
    <width>7.8</width>
    <units>inch</units>
    <coverfront>C:\Users\jones\Documents\Book Collector\Images\TheHobbitJRRTolkien163_f.jpg</coverfront>
    <coverback>C:\Users\jones\Documents\Book Collector\Images\TheHobbitJRRTolkien163_b.jpg</coverback>
    <readtimes>1</readtimes>
    <readit boolvalue="1">Yes</readit>
    <readingdate/>
    <submissiondate/>
    <quantity>1</quantity>
    <authorfirstletter>
      <displayname>T</displayname>
      <sortname>T</sortname>
    </authorfirstletter>
    <abridged boolvalue="0">No</abridged>
    <audiolengthminutes>0</audiolengthminutes>
    <boxset/>
  </book>
  <book>
    <id>215</id>
    <index>9</index>
    <mainsection>
      <title>Journal Plut&#244;t Inconvenant D'une Toute Jeune Fille</title>
      <plot>Et&#233; 1888... A dix-neuf ans, Agn&#232;s de S. est encore innocente mais point idiote. Elle conna&#238;t, certes, quelques pratiques solitaires d&#233;couvertes au couvent de l'Immacul&#233;e Conception mais aspire &#224; d'autres plaisirs moins &#233;go&#239;stes. Ces faits audacieux, Agn&#232;s ose les consigner dans un journal tr&#232;s intime... Elle y confesse les &#233;tapes d'une &#233;ducation sensuelle orchestr&#233;e par deux " institutrices " remarquables : sa femme de chambre et une aristocrate distingu&#233;e, amie de sa m&#232;re. Il y aura aussi les plaisirs donn&#233;s &#224; un petit paysan innocent, les furtives aventures au ch&#226;teau avec des hommes crois&#233;s au gr&#233; de visites mondaines... Un livre d&#233;licieusement subversif o&#249; l'on se d&#233;lectera des sublimes audaces d'une jeune fille qui bafoue avec all&#233;gresse l'hypocrisie de la soci&#233;t&#233; aristocratique et bourgeoise.</plot>
      <myrating>0</myrating>
      <myrating>
        <displayname>0</displayname>
        <sortname>0</sortname>
      </myrating>
      <pagecount>257</pagecount>
      <credits/>
      <characters/>
      <original>
        <origpublicationdate/>
      </original>
      <authors>
        <author>
          <role id="dfAuthor">Author</role>
          <roleid>dfAuthor</roleid>
          <person>
            <displayname>Jacques Cellard</displayname>
            <sortname>Cellard, Jacques</sortname>
            <lastname>Cellard</lastname>
            <firstname>Jacques</firstname>
          </person>
        </author>
      </authors>
    </mainsection>
    <collectionstatus listid="3">In Collection</collectionstatus>
    <rare boolvalue="0">No</rare>
    <publisher>
      <displayname>Pocket</displayname>
      <sortname>Pocket</sortname>
    </publisher>
    <purchasedate/>
    <publicationdate>
      <year>
        <displayname>1994</displayname>
      </year>
      <month>1</month>
      <day>1</day>
      <date>1/1/1994</date>
    </publicationdate>
    <isbn>9782266060868</isbn>
    <genres/>
    <tags/>
    <links/>
    <lastmodified>
      <date>10/5/2014 7:37:43 PM</date>
    </lastmodified>
    <thumbfilepath>C:\Users\jones\Documents\Book Collector\Thumbnails\5540075ab4dd29696df7201f4dc940d8.jpg</thumbfilepath>
    <sections/>
    <clzbookid>10957238</clzbookid>
    <printing>0</printing>
    <firstedition boolvalue="0">No</firstedition>
    <extras/>
    <subjects/>
    <height>7.0</height>
    <width>4.3</width>
    <units>inch</units>
    <coverfront>C:\Users\jones\Documents\Book Collector\Images\JournalPluttInconvenantDu215_f.jpg</coverfront>
    <readtimes>1</readtimes>
    <readit boolvalue="1">Yes</readit>
    <readingdate/>
    <submissiondate/>
    <quantity>1</quantity>
    <authorfirstletter>
      <displayname>C</displayname>
      <sortname>C</sortname>
    </authorfirstletter>
    <abridged boolvalue="0">No</abridged>
    <audiolengthminutes>0</audiolengthminutes>
    <boxset/>
  </book>
  <book>
    <id>306</id>
    <index>22</index>
    <mainsection>
      <title>Jutland To Junkyard</title>
      <plot>Under the terms of the treaty ending World War 1, the German High Seas Fleet was compelled to sail to the Scottish anchorage at Scapa Flow. Before the British could take control of the ships, the German officers scuttled the fleet, sending 16 capital ships and numerous smaller craft to the bottom. From 1924 the German ships were raised and their high-quality metal fittings converted to scrap, in the greatest salvage operation of all time.</plot>
      <myrating>0</myrating>
      <myrating>
        <displayname>0</displayname>
        <sortname>0</sortname>
      </myrating>
      <pagecount>150</pagecount>
      <credits/>
      <characters/>
      <original>
        <origpublicationdate/>
      </original>
      <authors>
        <author>
          <role id="dfAuthor">Author</role>
          <roleid>dfAuthor</roleid>
          <person>
            <displayname>S.C. George</displayname>
            <sortname>George, S.C.</sortname>
            <lastname>George</lastname>
            <firstname>S.C.</firstname>
          </person>
        </author>
      </authors>
    </mainsection>
    <collectionstatus listid="3">In Collection</collectionstatus>
    <rare boolvalue="0">No</rare>
    <publisher>
      <displayname>Birlinn</displayname>
      <sortname>Birlinn</sortname>
    </publisher>
    <purchasedate/>
    <publicationdate>
      <year>
        <displayname>2003</displayname>
      </year>
      <month>10</month>
      <day>1</day>
      <date>10/1/2003</date>
    </publicationdate>
    <isbn>9781843410102</isbn>
    <genres/>
    <tags/>
    <links/>
    <lastmodified>
      <date>10/5/2014 7:37:44 PM</date>
    </lastmodified>
    <thumbfilepath>C:\Users\jones\Documents\Book Collector\Thumbnails\71d838bb3df1fc87d4ce754f2e8dfd37.jpg</thumbfilepath>
    <sections/>
    <clzbookid>8443458</clzbookid>
    <printing>0</printing>
    <firstedition boolvalue="0">No</firstedition>
    <extras/>
    <subjects>
      <subject>
        <displayname>History / Europe / Germany</displayname>
        <sortname>History / Europe / Germany</sortname>
      </subject>
      <subject>
        <displayname>Political Science / General</displayname>
        <sortname>Political Science / General</sortname>
      </subject>
      <subject>
        <displayname>Salvage</displayname>
        <sortname>Salvage</sortname>
      </subject>
      <subject>
        <displayname>Scapa Flow (Scotland)</displayname>
        <sortname>Scapa Flow (Scotland)</sortname>
      </subject>
      <subject>
        <displayname>Scapa Flow Scuttling, Scotland, 1919</displayname>
        <sortname>Scapa Flow Scuttling, Scotland, 1919</sortname>
      </subject>
    </subjects>
    <height>8.0</height>
    <width>5.0</width>
    <units>inch</units>
    <coverfront>C:\Users\jones\Documents\Book Collector\Images\JutlandToJunkyardSCGeo306_f.jpg</coverfront>
    <readtimes>1</readtimes>
    <readit boolvalue="1">Yes</readit>
    <readingdate/>
    <submissiondate/>
    <quantity>1</quantity>
    <authorfirstletter>
      <displayname>G</displayname>
      <sortname>G</sortname>
    </authorfirstletter>
    <abridged boolvalue="0">No</abridged>
    <audiolengthminutes>0</audiolengthminutes>
    <boxset/>
  </book>
  <book>
    <id>223</id>
    <index>10</index>
    <mainsection>
      <title>A Little Book Of Gargoyles (Little Books Of...) (Little Books Of...)</title>
      <titlesort>Little Book Of Gargoyles (Little Books Of...) (Little Books Of...)</titlesort>
      <plot>This series of beautifully produced small books is intended to be an introduction to the often hidden worlds that lie within the great churches and cathedrals of the British Isles, Ireland, and Europe. Mike Harding presents a selection of the most fascinating manifestations of green men, gargoyles, misericords, and stained glass, explaining the background and meaning behind each subject in text and illustrations. nbsp; Gargoyles that grin and leer down from roofs and towers of medieval churches have stood for centuries warding off evil and this book depicts the many fearsome faces of these monstrosities throughout history. The creatures reached their flowering in the Middle Ages yet their story goes far beyond that time to the very beginnings of art, when man created demons to scare away demons. The photographs in this small book present the range of these gargoyles in full color.</plot>
      <myrating>0</myrating>
      <myrating>
        <displayname>0</displayname>
        <sortname>0</sortname>
      </myrating>
      <pagecount>69</pagecount>
      <credits/>
      <characters/>
      <original>
        <origpublicationdate/>
      </original>
      <authors>
        <author>
          <role id="dfAuthor">Author</role>
          <roleid>dfAuthor</roleid>
          <person>
            <displayname>Mike Harding</displayname>
            <sortname>Harding, Mike</sortname>
            <lastname>Harding</lastname>
            <firstname>Mike</firstname>
          </person>
        </author>
      </authors>
    </mainsection>
    <collectionstatus listid="3">In Collection</collectionstatus>
    <rare boolvalue="0">No</rare>
    <format>
      <displayname>Hardcover</displayname>
      <templateimage>C:\Users\jones\Documents\Book Collector\Images\Listitemimages\hardcover-15x15.png</templateimage>
      <scaledimage>C:\Users\jones\Documents\Book Collector\Images\Listitemimages\hardcover-16x16.jpg</scaledimage>
      <sortname>Hardcover</sortname>
    </format>
    <publisher>
      <displayname>Aurum Press Ltd</displayname>
      <sortname>Aurum Press Ltd</sortname>
    </publisher>
    <language>
      <displayname>English</displayname>
      <templateimage>C:\Users\jones\Documents\Book Collector\Images\Listitemimages\uk.jpg</templateimage>
      <scaledimage>C:\Users\jones\Documents\Book Collector\Images\Listitemimages\uk16.jpg</scaledimage>
      <sortname>English</sortname>
    </language>
    <coverprice>$6.99</coverprice>
    <coverpricefloat>6.99</coverpricefloat>
    <purchasedate/>
    <publicationdate>
      <year>
        <displayname>1998</displayname>
      </year>
      <month>6</month>
      <day>23</day>
      <date>6/23/1998</date>
    </publicationdate>
    <isbn>9781854105615</isbn>
    <genres/>
    <tags/>
    <links/>
    <lastmodified>
      <date>10/5/2014 7:37:43 PM</date>
    </lastmodified>
    <thumbfilepath>C:\Users\jones\Documents\Book Collector\Thumbnails\cd54d73138b79a71a922a1f0ca989798.jpg</thumbfilepath>
    <sections/>
    <clzbookid>2308670</clzbookid>
    <dewey>703</dewey>
    <printing>0</printing>
    <firstedition boolvalue="0">No</firstedition>
    <extras/>
    <subjects>
      <subject>
        <displayname>Church Architecture</displayname>
        <sortname>Church Architecture</sortname>
      </subject>
      <subject>
        <displayname>Church Decoration And Ornament</displayname>
        <sortname>Church Decoration And Ornament</sortname>
      </subject>
      <subject>
        <displayname>Decoration And Ornament, Architectural</displayname>
        <sortname>Decoration And Ornament, Architectural</sortname>
      </subject>
      <subject>
        <displayname>Gargoyles</displayname>
        <sortname>Gargoyles</sortname>
      </subject>
      <subject>
        <displayname>Paganism In Art</displayname>
        <sortname>Paganism In Art</sortname>
      </subject>
    </subjects>
    <height>6.1</height>
    <width>6.0</width>
    <units>inch</units>
    <coverfront>C:\Users\jones\Documents\Book Collector\Images\ALittleBookOfGargoylesLi223_f.jpg</coverfront>
    <readtimes>1</readtimes>
    <readit boolvalue="1">Yes</readit>
    <readingdate/>
    <submissiondate/>
    <quantity>1</quantity>
    <authorfirstletter>
      <displayname>H</displayname>
      <sortname>H</sortname>
    </authorfirstletter>
    <abridged boolvalue="0">No</abridged>
    <audiolengthminutes>0</audiolengthminutes>
    <boxset/>
  </book>
  <book>
    <id>176</id>
    <index>3</index>
    <mainsection>
      <title>Masterpieces In 3-D - M. C. Escher And The Art Of Illusion (Hardcover)</title>
      <plot>View 40 of Escher's most amazing prints and drawing in 3-D.</plot>
      <myrating>0</myrating>
      <myrating>
        <displayname>0</displayname>
        <sortname>0</sortname>
      </myrating>
      <pagecount>93</pagecount>
      <credits/>
      <characters/>
      <original>
        <origpublicationdate/>
      </original>
      <authors>
        <author>
          <role id="dfAuthor">Author</role>
          <roleid>dfAuthor</roleid>
          <person>
            <displayname>Katherine Gleason</displayname>
            <sortname>Gleason, Katherine</sortname>
            <lastname>Gleason</lastname>
            <firstname>Katherine</firstname>
          </person>
        </author>
      </authors>
    </mainsection>
    <collectionstatus listid="3">In Collection</collectionstatus>
    <rare boolvalue="0">No</rare>
    <format>
      <displayname>Hardcover</displayname>
      <templateimage>C:\Users\jones\Documents\Book Collector\Images\Listitemimages\hardcover-15x15.png</templateimage>
      <scaledimage>C:\Users\jones\Documents\Book Collector\Images\Listitemimages\hardcover-16x16.jpg</scaledimage>
      <sortname>Hardcover</sortname>
    </format>
    <publisher>
      <displayname>Barnes &amp; Noble</displayname>
      <sortname>Barnes &amp; Noble</sortname>
    </publisher>
    <language>
      <displayname>English</displayname>
      <templateimage>C:\Users\jones\Documents\Book Collector\Images\Listitemimages\uk.jpg</templateimage>
      <scaledimage>C:\Users\jones\Documents\Book Collector\Images\Listitemimages\uk16.jpg</scaledimage>
      <sortname>English</sortname>
    </language>
    <purchasedate/>
    <publicationdate>
      <year>
        <displayname>2005</displayname>
      </year>
      <date>2005</date>
    </publicationdate>
    <isbn>9780760766071</isbn>
    <genres/>
    <tags/>
    <links/>
    <lastmodified>
      <date>10/5/2014 7:37:42 PM</date>
    </lastmodified>
    <thumbfilepath>C:\Users\jones\Documents\Book Collector\Thumbnails\75b80d42157b3e63a152f66c43d0a366.jpg</thumbfilepath>
    <sections/>
    <clzbookid>294950</clzbookid>
    <printing>0</printing>
    <firstedition boolvalue="0">No</firstedition>
    <extras/>
    <subjects>
      <subject>
        <displayname>Printmakers</displayname>
        <sortname>Printmakers</sortname>
      </subject>
    </subjects>
    <height>10.0</height>
    <width>6.7</width>
    <units>inch</units>
    <coverfront>C:\Users\jones\Documents\Book Collector\Images\MasterpiecesIn3DMCEs176_f.jpg</coverfront>
    <readtimes>1</readtimes>
    <readit boolvalue="1">Yes</readit>
    <readingdate/>
    <submissiondate/>
    <quantity>1</quantity>
    <authorfirstletter>
      <displayname>G</displayname>
      <sortname>G</sortname>
    </authorfirstletter>
    <abridged boolvalue="0">No</abridged>
    <audiolengthminutes>0</audiolengthminutes>
    <boxset/>
  </book>
  <book>
    <id>205</id>
    <index>7</index>
    <mainsection>
      <title>People Tools</title>
      <subtitle>54 strategies for building relationships, creating joy, and embracing prosperity</subtitle>
      <plot>"Author presents strategies people can employ to build and strengthen the personal relationships he believes are the hallmarks of a successful career and enjoyable life"--</plot>
      <myrating>0</myrating>
      <myrating>
        <displayname>0</displayname>
        <sortname>0</sortname>
      </myrating>
      <credits/>
      <characters/>
      <original>
        <origpublicationdate/>
      </original>
      <authors>
        <author>
          <role id="dfAuthor">Author</role>
          <roleid>dfAuthor</roleid>
          <person>
            <displayname>Alan C. Fox</displayname>
            <sortname>Fox, Alan C.</sortname>
            <lastname>Fox</lastname>
            <firstname>Alan C.</firstname>
          </person>
        </author>
      </authors>
    </mainsection>
    <collectionstatus listid="3">In Collection</collectionstatus>
    <rare boolvalue="0">No</rare>
    <purchasedate/>
    <publicationdate/>
    <isbn>9781590791424</isbn>
    <genres/>
    <tags/>
    <links>
      <link>
        <description>Library of Congress</description>
        <url>http://lccn.loc.gov/2013029442</url>
        <urltype>URL</urltype>
      </link>
    </links>
    <lastmodified>
      <date>10/5/2014 7:37:42 PM</date>
    </lastmodified>
    <thumbfilepath>C:\Users\jones\Documents\Book Collector\Thumbnails\ccf652a552bf6b076caef6e3195e2098.jpg</thumbfilepath>
    <sections/>
    <clzbookid>15471406</clzbookid>
    <lccn>HM1106 .F69 2014</lccn>
    <dewey>302</dewey>
    <printing>0</printing>
    <firstedition boolvalue="0">No</firstedition>
    <extras/>
    <subjects>
      <subject>
        <displayname>Interpersonal Communication</displayname>
        <sortname>Interpersonal Communication</sortname>
      </subject>
      <subject>
        <displayname>Interpersonal Relations</displayname>
        <sortname>Interpersonal Relations</sortname>
      </subject>
      <subject>
        <displayname>Success</displayname>
        <sortname>Success</sortname>
      </subject>
    </subjects>
    <height>9.1</height>
    <width>0</width>
    <units>inch</units>
    <coverfront>C:\Users\jones\Documents\Book Collector\Images\PeopleToolsAlanCFox205_f.gif</coverfront>
    <readtimes>1</readtimes>
    <readit boolvalue="1">Yes</readit>
    <readingdate/>
    <submissiondate/>
    <quantity>1</quantity>
    <authorfirstletter>
      <displayname>F</displayname>
      <sortname>F</sortname>
    </authorfirstletter>
    <abridged boolvalue="0">No</abridged>
    <audiolengthminutes>0</audiolengthminutes>
    <boxset/>
  </book>
  <book>
    <id>282</id>
    <index>19</index>
    <mainsection>
      <title>Scrum Bums</title>
      <plot>Bucky Katt is a rather obstinate Siamese who constantly battles his "owner" Rob for control of their home. Satchel Pooch, the Labrador-Shar-pei mix who's sweet and lovable, makes a nice lackey for Bucky. Bucky knows he's smarter than everyone else; it's just a matter of convincing the rest of the world. Satchel always tries to do the right thing but very often ends up the brunt of Bucky's antics. Rob Wilco is a bachelor trying to regain household domesticity. Together, this seemingly typical threesome gets into some less-than-typical but hilarious situations. There's never a dull moment at the Wilco residence.Get Fuzzy, featured in over 500 newspapers worldwide, is one of the most highly lauded cartoons in the country. The National Cartoonists Society named it Best Comic Strip of 2002. Its sidesplitting humor and hilariously illustrated facial nuances appeal to animal lovers everywhere. Bucky and Satchel's words and expressions are what we all picture our beloved pets saying and doing.</plot>
      <myrating>0</myrating>
      <myrating>
        <displayname>0</displayname>
        <sortname>0</sortname>
      </myrating>
      <pagecount>128</pagecount>
      <credits/>
      <characters/>
      <original>
        <origpublicationdate/>
      </original>
      <authors>
        <author>
          <role id="dfAuthor">Author</role>
          <roleid>dfAuthor</roleid>
          <person>
            <displayname>Darby Conley</displayname>
            <sortname>Conley, Darby</sortname>
            <lastname>Conley</lastname>
            <firstname>Darby</firstname>
          </person>
        </author>
      </authors>
    </mainsection>
    <collectionstatus listid="3">In Collection</collectionstatus>
    <rare boolvalue="0">No</rare>
    <format>
      <displayname>Paperback</displayname>
      <templateimage>C:\Users\jones\Documents\Book Collector\Images\Listitemimages\softcover-15x15.png</templateimage>
      <scaledimage>C:\Users\jones\Documents\Book Collector\Images\Listitemimages\softcover-16x16.jpg</scaledimage>
      <sortname>Paperback</sortname>
    </format>
    <publisher>
      <displayname>Andrews McMeel Publishing</displayname>
      <sortname>Andrews McMeel Publishing</sortname>
    </publisher>
    <language>
      <displayname>English</displayname>
      <templateimage>C:\Users\jones\Documents\Book Collector\Images\Listitemimages\uk.jpg</templateimage>
      <scaledimage>C:\Users\jones\Documents\Book Collector\Images\Listitemimages\uk16.jpg</scaledimage>
      <sortname>English</sortname>
    </language>
    <coverprice>$10.95</coverprice>
    <coverpricefloat>10.95</coverpricefloat>
    <purchasedate/>
    <publicationdate>
      <year>
        <displayname>2006</displayname>
      </year>
      <month>9</month>
      <day>19</day>
      <date>9/19/2006</date>
    </publicationdate>
    <isbn>9780740750014</isbn>
    <genres>
      <genre>
        <displayname>Comic Books, Strips, Etc</displayname>
        <sortname>Comic Books, Strips, Etc</sortname>
      </genre>
    </genres>
    <tags/>
    <links>
      <link>
        <description>Library of Congress</description>
        <url>http://lccn.loc.gov/2005925658</url>
        <urltype>URL</urltype>
      </link>
    </links>
    <lastmodified>
      <date>10/5/2014 7:37:44 PM</date>
    </lastmodified>
    <thumbfilepath>C:\Users\jones\Documents\Book Collector\Thumbnails\8770c366bdc9a72d992743848bdeb1b7.jpg</thumbfilepath>
    <sections/>
    <clzbookid>620813</clzbookid>
    <lccn>PN6728.G43 .C87 2005</lccn>
    <dewey>741.569</dewey>
    <printing>0</printing>
    <firstedition boolvalue="0">No</firstedition>
    <extras/>
    <subjects>
      <subject>
        <displayname>Cats</displayname>
        <sortname>Cats</sortname>
      </subject>
      <subject>
        <displayname>Comic Books, Strips, Etc</displayname>
        <sortname>Comic Books, Strips, Etc</sortname>
      </subject>
      <subject>
        <displayname>Dogs</displayname>
        <sortname>Dogs</sortname>
      </subject>
      <subject>
        <displayname>Humor / Form / Comic Strips &amp; Cartoons</displayname>
        <sortname>Humor / Form / Comic Strips &amp; Cartoons</sortname>
      </subject>
      <subject>
        <displayname>Humor / General</displayname>
        <sortname>Humor / General</sortname>
      </subject>
    </subjects>
    <height>8.9</height>
    <width>8.4</width>
    <units>inch</units>
    <coverfront>C:\Users\jones\Documents\Book Collector\Images\ScrumBumsDarbyConley282_f.jpg</coverfront>
    <coverback>C:\Users\jones\Documents\Book Collector\Images\ScrumBumsDarbyConley282_b.jpg</coverback>
    <readtimes>1</readtimes>
    <readit boolvalue="1">Yes</readit>
    <readingdate/>
    <submissiondate/>
    <quantity>1</quantity>
    <authorfirstletter>
      <displayname>C</displayname>
      <sortname>C</sortname>
    </authorfirstletter>
    <abridged boolvalue="0">No</abridged>
    <audiolengthminutes>0</audiolengthminutes>
    <boxset/>
  </book>
  <book>
    <id>192</id>
    <index>5</index>
    <mainsection>
      <title>Soul Mates</title>
      <plot>This companion volume to Care of the Soul offers more of Thomas Moore's inspiring wisdom and empathy as it expands on his ideas about life, love, and the mysteries of human relationships. In Care of the Soul, Thomas Moore explored the importance of nurturing the soul and struck a chord nationwide : the book became a long&#8211;term bestseller, topping charts across the country and selling 550,000 copies in hardcover and paperback combined. Building on that book's wisdom, Soul Mates, already a hardcover bestseller, explores how relationships of all kinds enhance our lives and fulfill the needs of our souls. Moore emphasizes the difficulties that inevitably accompany many relationships and focuses on the need to work through these differences in order to experience the deep reward that comes with intimacy and unconfined love.</plot>
      <myrating>0</myrating>
      <myrating>
        <displayname>0</displayname>
        <sortname>0</sortname>
      </myrating>
      <pagecount>267</pagecount>
      <credits/>
      <characters/>
      <original>
        <origpublicationdate/>
      </original>
      <authors>
        <author>
          <role id="dfAuthor">Author</role>
          <roleid>dfAuthor</roleid>
          <person>
            <displayname>Thomas Moore</displayname>
            <sortname>Moore, Thomas</sortname>
            <lastname>Moore</lastname>
            <firstname>Thomas</firstname>
          </person>
        </author>
      </authors>
    </mainsection>
    <collectionstatus listid="3">In Collection</collectionstatus>
    <rare boolvalue="0">No</rare>
    <format>
      <displayname>Paperback</displayname>
      <templateimage>C:\Users\jones\Documents\Book Collector\Images\Listitemimages\softcover-15x15.png</templateimage>
      <scaledimage>C:\Users\jones\Documents\Book Collector\Images\Listitemimages\softcover-16x16.jpg</scaledimage>
      <sortname>Paperback</sortname>
    </format>
    <publisher>
      <displayname>Harper Perennial</displayname>
      <sortname>Harper Perennial</sortname>
    </publisher>
    <language>
      <displayname>English</displayname>
      <templateimage>C:\Users\jones\Documents\Book Collector\Images\Listitemimages\uk.jpg</templateimage>
      <scaledimage>C:\Users\jones\Documents\Book Collector\Images\Listitemimages\uk16.jpg</scaledimage>
      <sortname>English</sortname>
    </language>
    <coverprice>$8.43</coverprice>
    <coverpricefloat>8.43</coverpricefloat>
    <purchasedate/>
    <publicationdate>
      <year>
        <displayname>1994</displayname>
      </year>
      <month>12</month>
      <day>14</day>
      <date>12/14/1994</date>
    </publicationdate>
    <isbn>9780060925758</isbn>
    <genres/>
    <tags/>
    <links/>
    <lastmodified>
      <date>10/5/2014 7:37:42 PM</date>
    </lastmodified>
    <thumbfilepath>C:\Users\jones\Documents\Book Collector\Thumbnails\2ce9c853b8c51b2b4df273908ee13f21.jpg</thumbfilepath>
    <sections/>
    <clzbookid>299328</clzbookid>
    <lccn>BF575.15 .M66 1994</lccn>
    <dewey>158.2</dewey>
    <printing>0</printing>
    <firstedition boolvalue="0">No</firstedition>
    <extras/>
    <subjects>
      <subject>
        <displayname>Conduct Of Life</displayname>
        <sortname>Conduct Of Life</sortname>
      </subject>
      <subject>
        <displayname>Intimacy (Psychology)</displayname>
        <sortname>Intimacy (Psychology)</sortname>
      </subject>
      <subject>
        <displayname>Love</displayname>
        <sortname>Love</sortname>
      </subject>
      <subject>
        <displayname>Soul Mates</displayname>
        <sortname>Soul Mates</sortname>
      </subject>
    </subjects>
    <height>8.4</height>
    <width>5.3</width>
    <units>inch</units>
    <coverfront>C:\Users\jones\Documents\Book Collector\Images\SoulMatesThomasMoore192_f.jpg</coverfront>
    <readtimes>1</readtimes>
    <readit boolvalue="1">Yes</readit>
    <readingdate/>
    <submissiondate/>
    <quantity>1</quantity>
    <authorfirstletter>
      <displayname>M</displayname>
      <sortname>M</sortname>
    </authorfirstletter>
    <abridged boolvalue="0">No</abridged>
    <audiolengthminutes>0</audiolengthminutes>
    <boxset/>
  </book>
  <book>
    <id>298</id>
    <index>21</index>
    <mainsection>
      <title>The Story Of America</title>
      <titlesort>Story Of America</titlesort>
      <plot>Ranging from pre-Columbian times to the present day, this dramatic, richly illustrated chronicle of America traces the nation's history through a series of seminal events that changed the course of history and offers close-up profiles of key figures who played a vital role in shaping our nation. 50,000 first printing.</plot>
      <myrating>0</myrating>
      <myrating>
        <displayname>0</displayname>
        <sortname>0</sortname>
      </myrating>
      <pagecount>672</pagecount>
      <credits/>
      <characters/>
      <original>
        <origpublicationdate/>
      </original>
      <authors>
        <author>
          <role id="dfAuthor">Author</role>
          <roleid>dfAuthor</roleid>
          <person>
            <displayname>Dk Publishing</displayname>
            <sortname>Publishing, Dk</sortname>
            <lastname>Publishing</lastname>
            <firstname>Dk</firstname>
          </person>
        </author>
      </authors>
    </mainsection>
    <collectionstatus listid="3">In Collection</collectionstatus>
    <rare boolvalue="0">No</rare>
    <format>
      <displayname>Hardcover</displayname>
      <templateimage>C:\Users\jones\Documents\Book Collector\Images\Listitemimages\hardcover-15x15.png</templateimage>
      <scaledimage>C:\Users\jones\Documents\Book Collector\Images\Listitemimages\hardcover-16x16.jpg</scaledimage>
      <sortname>Hardcover</sortname>
    </format>
    <publisher>
      <displayname>DK ADULT</displayname>
      <sortname>DK ADULT</sortname>
    </publisher>
    <language>
      <displayname>English</displayname>
      <templateimage>C:\Users\jones\Documents\Book Collector\Images\Listitemimages\uk.jpg</templateimage>
      <scaledimage>C:\Users\jones\Documents\Book Collector\Images\Listitemimages\uk16.jpg</scaledimage>
      <sortname>English</sortname>
    </language>
    <coverprice>$35.00</coverprice>
    <coverpricefloat>35.00</coverpricefloat>
    <purchasedate/>
    <publicationdate>
      <year>
        <displayname>2002</displayname>
      </year>
      <month>10</month>
      <day>1</day>
      <date>10/1/2002</date>
    </publicationdate>
    <isbn>9780789489036</isbn>
    <genres/>
    <tags/>
    <links>
      <link>
        <description>Library of Congress</description>
        <url>http://lccn.loc.gov/2002726667</url>
        <urltype>URL</urltype>
      </link>
    </links>
    <lastmodified>
      <date>10/5/2014 7:37:44 PM</date>
    </lastmodified>
    <thumbfilepath>C:\Users\jones\Documents\Book Collector\Thumbnails\f6dc521c100de141cf757400876a359e.jpg</thumbfilepath>
    <sections/>
    <clzbookid>460020</clzbookid>
    <lccn>E178 .W45 2002</lccn>
    <dewey>973</dewey>
    <printing>0</printing>
    <firstedition boolvalue="0">No</firstedition>
    <extras/>
    <subjects>
      <subject>
        <displayname>History</displayname>
        <sortname>History</sortname>
      </subject>
      <subject>
        <displayname>History / United States / 19th Century</displayname>
        <sortname>History / United States / 19th Century</sortname>
      </subject>
      <subject>
        <displayname>History / United States / 20th Century</displayname>
        <sortname>History / United States / 20th Century</sortname>
      </subject>
      <subject>
        <displayname>History / United States / General</displayname>
        <sortname>History / United States / General</sortname>
      </subject>
      <subject>
        <displayname>United States</displayname>
        <sortname>United States</sortname>
      </subject>
    </subjects>
    <height>9.4</height>
    <width>7.4</width>
    <units>inch</units>
    <coverfront>C:\Users\jones\Documents\Book Collector\Images\TheStoryOfAmericaDkPubl298_f.jpg</coverfront>
    <coverback>C:\Users\jones\Documents\Book Collector\Images\TheStoryOfAmericaDkPubl298_b.jpg</coverback>
    <readtimes>1</readtimes>
    <readit boolvalue="1">Yes</readit>
    <readingdate/>
    <submissiondate/>
    <quantity>1</quantity>
    <authorfirstletter>
      <displayname>P</displayname>
      <sortname>P</sortname>
    </authorfirstletter>
    <abridged boolvalue="0">No</abridged>
    <audiolengthminutes>0</audiolengthminutes>
    <boxset/>
  </book>
  <book>
    <id>200</id>
    <index>6</index>
    <mainsection>
      <title>Streams Of Living Water: Celebrating The Great Traditions Of Christian Faith</title>
      <subtitle>celebrating the great traditions of Christian faith</subtitle>
      <plot>The author of the bestselling celebration of discipline explores the great traditions of Christian spirituality and their role in spiritual renewal today. In this landmark work, Foster examines the "streams of living water" &#8211;&#8211; the six dimensions of faith and practice that define Christian tradition. He lifts up the enduring character of each tradition and shows how a variety of practices, from individual study and retreat to disciplines of service and community, are all essential elements of growth and maturity. Foster examines the unique contributions of each of these traditions and offers as examples the inspiring stories of faithful people whose lives defined each of these "streams."</plot>
      <myrating>0</myrating>
      <myrating>
        <displayname>0</displayname>
        <sortname>0</sortname>
      </myrating>
      <pagecount>448</pagecount>
      <credits/>
      <characters/>
      <original>
        <origpublicationdate/>
      </original>
      <authors>
        <author>
          <role id="dfAuthor">Author</role>
          <roleid>dfAuthor</roleid>
          <person>
            <displayname>Richard J. Foster</displayname>
            <sortname>Foster, Richard J.</sortname>
            <lastname>Foster</lastname>
            <firstname>Richard J.</firstname>
          </person>
        </author>
      </authors>
    </mainsection>
    <collectionstatus listid="3">In Collection</collectionstatus>
    <rare boolvalue="0">No</rare>
    <format>
      <displayname>Paperback</displayname>
      <templateimage>C:\Users\jones\Documents\Book Collector\Images\Listitemimages\softcover-15x15.png</templateimage>
      <scaledimage>C:\Users\jones\Documents\Book Collector\Images\Listitemimages\softcover-16x16.jpg</scaledimage>
      <sortname>Paperback</sortname>
    </format>
    <publisher>
      <displayname>HarperOne</displayname>
      <sortname>HarperOne</sortname>
    </publisher>
    <language>
      <displayname>English</displayname>
      <templateimage>C:\Users\jones\Documents\Book Collector\Images\Listitemimages\uk.jpg</templateimage>
      <scaledimage>C:\Users\jones\Documents\Book Collector\Images\Listitemimages\uk16.jpg</scaledimage>
      <sortname>English</sortname>
    </language>
    <coverprice>$15.00</coverprice>
    <coverpricefloat>15.00</coverpricefloat>
    <purchasedate/>
    <publicationdate>
      <year>
        <displayname>2001</displayname>
      </year>
      <month>12</month>
      <day>1</day>
      <date>12/1/2001</date>
    </publicationdate>
    <isbn>9780060628222</isbn>
    <genres/>
    <tags/>
    <links>
      <link>
        <description>Library of Congress</description>
        <url>http://lccn.loc.gov/98022646</url>
        <urltype>URL</urltype>
      </link>
    </links>
    <lastmodified>
      <date>10/5/2014 7:37:42 PM</date>
    </lastmodified>
    <thumbfilepath>C:\Users\jones\Documents\Book Collector\Thumbnails\60de33633a82018b9216aec6096d26a7.jpg</thumbfilepath>
    <sections/>
    <clzbookid>407638</clzbookid>
    <lccn>BV4501.2 .F6546 1998</lccn>
    <dewey>248</dewey>
    <printing>0</printing>
    <firstedition boolvalue="0">No</firstedition>
    <extras/>
    <subjects>
      <subject>
        <displayname>Christian Life</displayname>
        <sortname>Christian Life</sortname>
      </subject>
      <subject>
        <displayname>Religion / Spirituality</displayname>
        <sortname>Religion / Spirituality</sortname>
      </subject>
      <subject>
        <displayname>Spiritual Life</displayname>
        <sortname>Spiritual Life</sortname>
      </subject>
      <subject>
        <displayname>Spiritual Life - Christianity</displayname>
        <sortname>Spiritual Life - Christianity</sortname>
      </subject>
      <subject>
        <displayname>Spiritual Life/ Christianity</displayname>
        <sortname>Spiritual Life/ Christianity</sortname>
      </subject>
    </subjects>
    <height>7.8</height>
    <width>5.2</width>
    <units>inch</units>
    <coverfront>C:\Users\jones\Documents\Book Collector\Images\StreamsOfLivingWaterCeleb200_f.jpg</coverfront>
    <coverback>C:\Users\jones\Documents\Book Collector\Images\StreamsOfLivingWaterCeleb200_b.jpg</coverback>
    <readtimes>1</readtimes>
    <readit boolvalue="1">Yes</readit>
    <readingdate/>
    <submissiondate/>
    <quantity>1</quantity>
    <authorfirstletter>
      <displayname>F</displayname>
      <sortname>F</sortname>
    </authorfirstletter>
    <abridged boolvalue="0">No</abridged>
    <audiolengthminutes>0</audiolengthminutes>
    <boxset/>
  </book>
  <book>
    <id>290</id>
    <index>20</index>
    <mainsection>
      <title>Through The Windows Of Paris</title>
      <subtitle>fifty unique shops</subtitle>
      <plot>Shop windows and interiors are among the glories of Paris-as enticing as its museums and grand vistas but far less tiring to explore. They distill the qualities we most admire in the City of Light: a love of fantasy and tradition of craft and style, and the art of doing simple things well. The richly illustrated text of Through the Windows of Paris sketches the history of shopping in Paris and evokes the special character of the city. There is no better place to find it than in the boutiques selling crusty bread and creamy cheese, witty hats and luxurious lingerie. Michael Webb has chosen fifty of the most intriguing shops in Paris for their individuality and the beauty of their displays. New or old, tiny or expansive, they engage all the senses and reveal the true character of the capital. This book comprises 160 color images of fifty unique shops and a comprehensive list of addresses, telephone numbers, and metro stops. Whether you make the trip from your armchair or hop on the next plane, this book will guide you, in words and pictures, through the windows of Paris.</plot>
      <myrating>0</myrating>
      <myrating>
        <displayname>0</displayname>
        <sortname>0</sortname>
      </myrating>
      <pagecount>132</pagecount>
      <credits/>
      <characters/>
      <original>
        <origpublicationdate/>
      </original>
      <authors>
        <author>
          <role id="dfAuthor">Author</role>
          <roleid>dfAuthor</roleid>
          <person>
            <displayname>Michael Webb</displayname>
            <sortname>Webb, Michael</sortname>
            <lastname>Webb</lastname>
            <firstname>Michael</firstname>
          </person>
        </author>
      </authors>
    </mainsection>
    <collectionstatus listid="3">In Collection</collectionstatus>
    <rare boolvalue="0">No</rare>
    <format>
      <displayname>Paperback</displayname>
      <templateimage>C:\Users\jones\Documents\Book Collector\Images\Listitemimages\softcover-15x15.png</templateimage>
      <scaledimage>C:\Users\jones\Documents\Book Collector\Images\Listitemimages\softcover-16x16.jpg</scaledimage>
      <sortname>Paperback</sortname>
    </format>
    <publisher>
      <displayname>Princeton Architectural Press</displayname>
      <sortname>Princeton Architectural Press</sortname>
    </publisher>
    <language>
      <displayname>English</displayname>
      <templateimage>C:\Users\jones\Documents\Book Collector\Images\Listitemimages\uk.jpg</templateimage>
      <scaledimage>C:\Users\jones\Documents\Book Collector\Images\Listitemimages\uk16.jpg</scaledimage>
      <sortname>English</sortname>
    </language>
    <purchasedate/>
    <publicationdate>
      <year>
        <displayname>1999</displayname>
      </year>
      <month>6</month>
      <day>1</day>
      <date>6/1/1999</date>
    </publicationdate>
    <isbn>9781890449025</isbn>
    <genres/>
    <tags/>
    <links>
      <link>
        <description>Library of Congress</description>
        <url>http://lccn.loc.gov/98073723</url>
        <urltype>URL</urltype>
      </link>
    </links>
    <lastmodified>
      <date>10/5/2014 7:37:44 PM</date>
    </lastmodified>
    <thumbfilepath>C:\Users\jones\Documents\Book Collector\Thumbnails\17b34f8f912c8641ae554e50cb905d86.jpg</thumbfilepath>
    <sections/>
    <clzbookid>8323058</clzbookid>
    <lccn>TX337.F82 .P37927 1999</lccn>
    <dewey>380.1/45/000254</dewey>
    <printing>0</printing>
    <firstedition boolvalue="0">No</firstedition>
    <extras/>
    <subjects>
      <subject>
        <displayname>France</displayname>
        <sortname>France</sortname>
      </subject>
      <subject>
        <displayname>Paris</displayname>
        <sortname>Paris</sortname>
      </subject>
      <subject>
        <displayname>Paris (France)</displayname>
        <sortname>Paris (France)</sortname>
      </subject>
      <subject>
        <displayname>Shopping</displayname>
        <sortname>Shopping</sortname>
      </subject>
      <subject>
        <displayname>Shopping/ France/ Paris/ Guidebooks</displayname>
        <sortname>Shopping/ France/ Paris/ Guidebooks</sortname>
      </subject>
    </subjects>
    <height>7.0</height>
    <width>6.8</width>
    <units>inch</units>
    <coverfront>C:\Users\jones\Documents\Book Collector\Images\ThroughTheWindowsOfParis290_f.jpg</coverfront>
    <readtimes>1</readtimes>
    <readit boolvalue="1">Yes</readit>
    <readingdate/>
    <submissiondate/>
    <quantity>1</quantity>
    <authorfirstletter>
      <displayname>W</displayname>
      <sortname>W</sortname>
    </authorfirstletter>
    <abridged boolvalue="0">No</abridged>
    <audiolengthminutes>0</audiolengthminutes>
    <boxset/>
  </book>
  <book>
    <id>261</id>
    <index>16</index>
    <mainsection>
      <title>The Time Bike (Hall Family Chronicles)</title>
      <titlesort>Time Bike (Hall Family Chronicles)</titlesort>
      <plot>Eddy receives a mysterious gift from India, an old-fashioned bike that transports its rider through time.</plot>
      <myrating>0</myrating>
      <myrating>
        <displayname>0</displayname>
        <sortname>0</sortname>
      </myrating>
      <pagecount>192</pagecount>
      <credits/>
      <characters/>
      <original>
        <origpublicationdate/>
      </original>
      <authors>
        <author>
          <role id="dfAuthor">Author</role>
          <roleid>dfAuthor</roleid>
          <person>
            <displayname>Jane Langton</displayname>
            <sortname>Langton, Jane</sortname>
            <lastname>Langton</lastname>
            <firstname>Jane</firstname>
          </person>
        </author>
      </authors>
    </mainsection>
    <collectionstatus listid="3">In Collection</collectionstatus>
    <rare boolvalue="0">No</rare>
    <format>
      <displayname>Hardcover</displayname>
      <templateimage>C:\Users\jones\Documents\Book Collector\Images\Listitemimages\hardcover-15x15.png</templateimage>
      <scaledimage>C:\Users\jones\Documents\Book Collector\Images\Listitemimages\hardcover-16x16.jpg</scaledimage>
      <sortname>Hardcover</sortname>
    </format>
    <publisher>
      <displayname>HarperCollins</displayname>
      <sortname>HarperCollins</sortname>
    </publisher>
    <language>
      <displayname>English</displayname>
      <templateimage>C:\Users\jones\Documents\Book Collector\Images\Listitemimages\uk.jpg</templateimage>
      <scaledimage>C:\Users\jones\Documents\Book Collector\Images\Listitemimages\uk16.jpg</scaledimage>
      <sortname>English</sortname>
    </language>
    <coverprice>$1.00</coverprice>
    <coverpricefloat>1.00</coverpricefloat>
    <purchasedate/>
    <publicationdate>
      <year>
        <displayname>2000</displayname>
      </year>
      <month>5</month>
      <day>31</day>
      <date>5/31/2000</date>
    </publicationdate>
    <isbn>9780060284374</isbn>
    <genres/>
    <tags/>
    <links>
      <link>
        <description>Library of Congress</description>
        <url>http://lccn.loc.gov/99039896</url>
        <urltype>URL</urltype>
      </link>
    </links>
    <lastmodified>
      <date>10/5/2014 7:37:43 PM</date>
    </lastmodified>
    <thumbfilepath>C:\Users\jones\Documents\Book Collector\Thumbnails\f49fc5f7cbde89a87a91f7c7c9cbb454.jpg</thumbfilepath>
    <sections/>
    <clzbookid>1101621</clzbookid>
    <lccn>PZ7.L2717 .Ti 2000</lccn>
    <printing>0</printing>
    <firstedition boolvalue="0">No</firstedition>
    <extras/>
    <subjects>
      <subject>
        <displayname>Bicycles And Bicycling</displayname>
        <sortname>Bicycles And Bicycling</sortname>
      </subject>
      <subject>
        <displayname>Bicycles And Bicycling/ Fiction</displayname>
        <sortname>Bicycles And Bicycling/ Fiction</sortname>
      </subject>
      <subject>
        <displayname>Cycling</displayname>
        <sortname>Cycling</sortname>
      </subject>
      <subject>
        <displayname>Time Travel</displayname>
        <sortname>Time Travel</sortname>
      </subject>
      <subject>
        <displayname>Time Travel/ Fiction</displayname>
        <sortname>Time Travel/ Fiction</sortname>
      </subject>
    </subjects>
    <height>8.6</height>
    <width>5.7</width>
    <units>inch</units>
    <coverfront>C:\Users\jones\Documents\Book Collector\Images\TheTimeBikeHallFamilyChr261_f.jpg</coverfront>
    <readtimes>1</readtimes>
    <readit boolvalue="1">Yes</readit>
    <readingdate/>
    <submissiondate/>
    <quantity>1</quantity>
    <authorfirstletter>
      <displayname>L</displayname>
      <sortname>L</sortname>
    </authorfirstletter>
    <abridged boolvalue="0">No</abridged>
    <audiolengthminutes>0</audiolengthminutes>
    <boxset/>
  </book>
  <book>
    <id>310</id>
    <index>23</index>
    <mainsection>
      <title>Understanding The Universe: From Quarks To The Cosmos</title>
      <subtitle>From Quarks to the Cosmos</subtitle>
      <plot>This book explains the fascinating world of quarks and leptons and the forces that govern their behavior. Told from an experimental physicist's perspective, it forgoes mathematical complexity, using instead particularly accessible figures and apt analogies. In addition to the story of quarks and leptons, which are regarded as well-accepted fact, the author who is a leading researcher at the world's highest energy particle physics laboratory also discusses mysteries on both the experimental and theoretical frontier, before tying it all together with the exciting field of cosmology and indeed the birth of the universe itself.</plot>
      <myrating>0</myrating>
      <myrating>
        <displayname>0</displayname>
        <sortname>0</sortname>
      </myrating>
      <pagecount>592</pagecount>
      <credits/>
      <characters/>
      <original>
        <origpublicationdate/>
      </original>
      <authors>
        <author>
          <role id="dfAuthor">Author</role>
          <roleid>dfAuthor</roleid>
          <person>
            <displayname>Don Lincoln</displayname>
            <sortname>Lincoln, Don</sortname>
            <lastname>Lincoln</lastname>
            <firstname>Don</firstname>
          </person>
        </author>
      </authors>
    </mainsection>
    <collectionstatus listid="3">In Collection</collectionstatus>
    <rare boolvalue="0">No</rare>
    <format>
      <displayname>Hardcover</displayname>
      <templateimage>C:\Users\jones\Documents\Book Collector\Images\Listitemimages\hardcover-15x15.png</templateimage>
      <scaledimage>C:\Users\jones\Documents\Book Collector\Images\Listitemimages\hardcover-16x16.jpg</scaledimage>
      <sortname>Hardcover</sortname>
    </format>
    <publisher>
      <displayname>World Scientific Publishing Company</displayname>
      <sortname>World Scientific Publishing Company</sortname>
    </publisher>
    <language>
      <displayname>English</displayname>
      <templateimage>C:\Users\jones\Documents\Book Collector\Images\Listitemimages\uk.jpg</templateimage>
      <scaledimage>C:\Users\jones\Documents\Book Collector\Images\Listitemimages\uk16.jpg</scaledimage>
      <sortname>English</sortname>
    </language>
    <coverprice>$67.33</coverprice>
    <coverpricefloat>67.33</coverpricefloat>
    <purchasedate/>
    <publicationdate>
      <year>
        <displayname>2004</displayname>
      </year>
      <month>5</month>
      <day>31</day>
      <date>5/31/2004</date>
    </publicationdate>
    <isbn>9789812387035</isbn>
    <genres/>
    <tags/>
    <links>
      <link>
        <description>Library of Congress</description>
        <url>http://lccn.loc.gov/2004041411</url>
        <urltype>URL</urltype>
      </link>
    </links>
    <lastmodified>
      <date>10/5/2014 7:37:44 PM</date>
    </lastmodified>
    <thumbfilepath>C:\Users\jones\Documents\Book Collector\Thumbnails\b4c889c95c67afea52aee2b33c8ab999.jpg</thumbfilepath>
    <sections/>
    <clzbookid>382570</clzbookid>
    <lccn>QC793.26 .L56 2004</lccn>
    <dewey>539.72</dewey>
    <printing>0</printing>
    <firstedition boolvalue="0">No</firstedition>
    <extras/>
    <subjects>
      <subject>
        <displayname>Particles (Nuclear Physics) - Popular Works</displayname>
        <sortname>Particles (Nuclear Physics) - Popular Works</sortname>
      </subject>
    </subjects>
    <height>9.1</height>
    <width>6.1</width>
    <units>inch</units>
    <coverfront>C:\Users\jones\Documents\Book Collector\Images\UnderstandingTheUniverseFr310_f.jpg</coverfront>
    <readtimes>1</readtimes>
    <readit boolvalue="1">Yes</readit>
    <readingdate/>
    <submissiondate/>
    <quantity>1</quantity>
    <authorfirstletter>
      <displayname>L</displayname>
      <sortname>L</sortname>
    </authorfirstletter>
    <abridged boolvalue="0">No</abridged>
    <audiolengthminutes>0</audiolengthminutes>
    <boxset/>
  </book>
  <book>
    <id>356</id>
    <index>15</index>
    <mainsection>
      <title>Wacky Days!: How To Get Millions Of $$$ In Free Publicity By Creating A Real Holiday &amp; Other Tactics Used By Media Experts</title>
      <myrating>0</myrating>
      <myrating>
        <displayname>0</displayname>
        <sortname>0</sortname>
      </myrating>
      <credits/>
      <characters/>
      <original>
        <origpublicationdate/>
      </original>
      <authors>
        <author>
          <role id="dfAuthor">Author</role>
          <roleid>dfAuthor</roleid>
          <person>
            <displayname>T.S. Peric'</displayname>
            <sortname>Peric', T.S.</sortname>
            <lastname>Peric'</lastname>
            <firstname>T.S.</firstname>
          </person>
        </author>
      </authors>
    </mainsection>
    <collectionstatus listid="3">In Collection</collectionstatus>
    <rare boolvalue="0">No</rare>
    <format>
      <displayname>Paperback</displayname>
      <templateimage>C:\Users\jones\Documents\Book Collector\Images\Listitemimages\softcover-15x15.png</templateimage>
      <scaledimage>C:\Users\jones\Documents\Book Collector\Images\Listitemimages\softcover-16x16.jpg</scaledimage>
      <sortname>Paperback</sortname>
    </format>
    <publisher>
      <displayname>Gregson &amp; Lestrade, Publishers</displayname>
      <sortname>Gregson &amp; Lestrade, Publishers</sortname>
    </publisher>
    <purchasedate/>
    <publicationdate>
      <year>
        <displayname>2004</displayname>
      </year>
      <month>2</month>
      <day>1</day>
      <date>2/1/2004</date>
    </publicationdate>
    <isbn>9780972621908</isbn>
    <genres/>
    <tags/>
    <links/>
    <lastmodified>
      <date>10/5/2014 7:37:43 PM</date>
    </lastmodified>
    <sections/>
    <clzbookid>16234978</clzbookid>
    <printing>0</printing>
    <firstedition boolvalue="0">No</firstedition>
    <extras/>
    <subjects>
      <subject>
        <displayname>Literary Collections</displayname>
        <sortname>Literary Collections</sortname>
      </subject>
    </subjects>
    <height>0</height>
    <width>0</width>
    <units>inch</units>
    <readtimes>1</readtimes>
    <readit boolvalue="1">Yes</readit>
    <readingdate/>
    <submissiondate/>
    <quantity>1</quantity>
    <authorfirstletter>
      <displayname>P</displayname>
      <sortname>P</sortname>
    </authorfirstletter>
    <abridged boolvalue="0">No</abridged>
    <audiolengthminutes>0</audiolengthminutes>
    <boxset/>
  </book>
</booklist>